<?xml version="1.0" encoding="UTF-8"?>
<robot generator="Robot 7.3.2 (Python 3.12.7 on darwin)" generated="2025-09-27T14:58:32.226302" rpa="false" schemaversion="5">
<suite id="s1" name="Tests" source="/Users/husseinalmulla/SWD/TestAutoRF/Tests">
<suite id="s1-s1" name="Contact List Example" source="/Users/husseinalmulla/SWD/TestAutoRF/Tests/contact_list_example">
<suite id="s1-s1-s1" name="01 Login" source="/Users/husseinalmulla/SWD/TestAutoRF/Tests/contact_list_example/01_login.robot">
<kw name="Create Session" owner="RequestsLibrary" type="SETUP">
<msg time="2025-09-27T14:58:32.676558" level="INFO">Creating Session using : alias=contact_list, url=https://thinking-tester-contact-list.herokuapp.com, headers={},                     cookies={}, auth=None, timeout=None, proxies=None, verify=False,                     debug=0 </msg>
<arg>contact_list</arg>
<arg>${CONTACT_LIST_URL}</arg>
<doc>Create Session: create a HTTP session to a server</doc>
<status status="PASS" start="2025-09-27T14:58:32.676309" elapsed="0.000542"/>
</kw>
<test id="s1-s1-s1-t1" name="Login User" line="23">
<kw name="Call Post Login Request">
<kw name="Create Dictionary" owner="BuiltIn">
<msg time="2025-09-27T14:58:32.678136" level="INFO">${headers} = {'content-type': 'application/json'}</msg>
<var>${headers}</var>
<arg>content-type=application/json</arg>
<doc>Creates and returns a dictionary based on the given ``items``.</doc>
<status status="PASS" start="2025-09-27T14:58:32.677835" elapsed="0.000341"/>
</kw>
<kw name="Create Dictionary" owner="BuiltIn">
<msg time="2025-09-27T14:58:32.678679" level="INFO">${body} = {'email': 'testing_robot@email.com', 'password': '123456789'}</msg>
<var>${body}</var>
<arg>email=${email}</arg>
<arg>password=${password}</arg>
<doc>Creates and returns a dictionary based on the given ``items``.</doc>
<status status="PASS" start="2025-09-27T14:58:32.678321" elapsed="0.000405"/>
</kw>
<kw name="POST On Session" owner="RequestsLibrary">
<msg time="2025-09-27T14:58:33.417236" level="INFO">POST Request : url=https://thinking-tester-contact-list.herokuapp.com/users/login 
 path_url=/users/login 
 headers={'User-Agent': 'python-requests/2.32.5', 'Accept-Encoding': 'gzip, deflate', 'Accept': '*/*', 'Connection': 'keep-alive', 'content-type': 'application/json', 'Content-Length': '61'} 
 body=b'{"email": "testing_robot@email.com", "password": "123456789"}' 
 </msg>
<msg time="2025-09-27T14:58:33.417415" level="INFO">POST Response : url=https://thinking-tester-contact-list.herokuapp.com/users/login 
 status=200, reason=OK 
 headers={'Content-Length': '286', 'Content-Type': 'application/json; charset=utf-8', 'Date': 'Sat, 27 Sep 2025 11:58:33 GMT', 'Etag': 'W/"11e-MHqPgrXtdeZTb00t4DG8HoIpXEs"', 'Nel': '{"report_to":"heroku-nel","response_headers":["Via"],"max_age":3600,"success_fraction":0.01,"failure_fraction":0.1}', 'Report-To': '{"group":"heroku-nel","endpoints":[{"url":"https://nel.heroku.com/reports?s=Aw8Kz1QrrdZlEpdUZqrDMkbh%2BSnIqRDlg3DDgPQOCLk%3D\\u0026sid=af571f24-03ee-46d1-9f90-ab9030c2c74c\\u0026ts=1758974313"}],"max_age":3600}', 'Reporting-Endpoints': 'heroku-nel="https://nel.heroku.com/reports?s=Aw8Kz1QrrdZlEpdUZqrDMkbh%2BSnIqRDlg3DDgPQOCLk%3D&amp;sid=af571f24-03ee-46d1-9f90-ab9030c2c74c&amp;ts=1758974313"', 'Server': 'Heroku', 'Set-Cookie': 'token=eyJhbGciOiJIUzI1NiIsInR5cCI6IkpXVCJ9.eyJfaWQiOiI2OGQ2NDgwYmI5NjcxNDAwMTVkYjQzY2YiLCJpYXQiOjE3NTg5NzQzMTN9.eg8z1xbb56C51PCvBpAHNjDZDsV97N_pQpJyJ6SvENU; Max-Age=36000; Path=/; Expires=Sat, 27 Sep 2025 21:58:33 GMT', 'Via': '1.1 heroku-router', 'X-Powered-By': 'Express'} 
 body={"user":{"_id":"68d6480bb967140015db43cf","firstName":"test1","lastName":"test11","email":"testing_robot@email.com","__v":84},"token":"eyJhbGciOiJIUzI1NiIsInR5cCI6IkpXVCJ9.eyJfaWQiOiI2OGQ2NDgwYmI5NjcxNDAwMTVkYjQzY2YiLCJpYXQiOjE3NTg5NzQzMTN9.eg8z1xbb56C51PCvBpAHNjDZDsV97N_pQpJyJ6SvENU"} 
 </msg>
<msg time="2025-09-27T14:58:33.417531" level="INFO">/Users/husseinalmulla/SWD/TestAutoRF/.venv/lib/python3.12/site-packages/urllib3/connectionpool.py:1097: InsecureRequestWarning: Unverified HTTPS request is being made to host 'thinking-tester-contact-list.herokuapp.com'. Adding certificate verification is strongly advised. See: https://urllib3.readthedocs.io/en/latest/advanced-usage.html#tls-warnings
  warnings.warn(</msg>
<msg time="2025-09-27T14:58:33.417821" level="INFO">${response} = &lt;Response [200]&gt;</msg>
<var>${response}</var>
<arg>contact_list</arg>
<arg>/users/login</arg>
<arg>json=${body}</arg>
<arg>headers=${headers}</arg>
<arg>expected_status=${status}</arg>
<doc>Sends a POST request on a previously created HTTP Session.</doc>
<status status="PASS" start="2025-09-27T14:58:32.678872" elapsed="0.739017"/>
</kw>
<return>
<value>${response}</value>
<status status="PASS" start="2025-09-27T14:58:33.418117" elapsed="0.000098"/>
</return>
<msg time="2025-09-27T14:58:33.418449" level="INFO">${response} = &lt;Response [200]&gt;</msg>
<var>${response}</var>
<arg>testing_robot@email.com</arg>
<arg>123456789</arg>
<arg>200</arg>
<status status="PASS" start="2025-09-27T14:58:32.677486" elapsed="0.741005"/>
</kw>
<kw name="Set Variable" owner="BuiltIn">
<msg time="2025-09-27T14:58:33.419422" level="INFO">${token} = eyJhbGciOiJIUzI1NiIsInR5cCI6IkpXVCJ9.eyJfaWQiOiI2OGQ2NDgwYmI5NjcxNDAwMTVkYjQzY2YiLCJpYXQiOjE3NTg5NzQzMTN9.eg8z1xbb56C51PCvBpAHNjDZDsV97N_pQpJyJ6SvENU</msg>
<var>${token}</var>
<arg>${response.json()['token']}</arg>
<doc>Returns the given values which can then be assigned to a variables.</doc>
<status status="PASS" start="2025-09-27T14:58:33.418753" elapsed="0.000715"/>
</kw>
<kw name="Set Variable" owner="BuiltIn">
<msg time="2025-09-27T14:58:33.420247" level="INFO">${email} = testing_robot@email.com</msg>
<var>${email}</var>
<arg>${response.json()['user']['email']}</arg>
<doc>Returns the given values which can then be assigned to a variables.</doc>
<status status="PASS" start="2025-09-27T14:58:33.419692" elapsed="0.000599"/>
</kw>
<kw name="Should Be Equal" owner="BuiltIn">
<arg>${email}</arg>
<arg>testing_robot@email.com</arg>
<doc>Fails if the given objects are unequal.</doc>
<status status="PASS" start="2025-09-27T14:58:33.420589" elapsed="0.000298"/>
</kw>
<kw name="Should Not Be Empty" owner="BuiltIn">
<msg time="2025-09-27T14:58:33.421355" level="INFO">Length is 149.</msg>
<arg>${token}</arg>
<doc>Verifies that the given item is not empty.</doc>
<status status="PASS" start="2025-09-27T14:58:33.421169" elapsed="0.000257"/>
</kw>
<status status="PASS" start="2025-09-27T14:58:32.677013" elapsed="0.744661"/>
</test>
<test id="s1-s1-s1-t2" name="Template Invalid Login (Expected 401)" line="30">
<kw name="Login Invalid User (Expected 401)">
<kw name="Call Post Login Request">
<kw name="Create Dictionary" owner="BuiltIn">
<msg time="2025-09-27T14:58:33.423618" level="INFO">${headers} = {'content-type': 'application/json'}</msg>
<var>${headers}</var>
<arg>content-type=application/json</arg>
<doc>Creates and returns a dictionary based on the given ``items``.</doc>
<status status="PASS" start="2025-09-27T14:58:33.423360" elapsed="0.000302"/>
</kw>
<kw name="Create Dictionary" owner="BuiltIn">
<msg time="2025-09-27T14:58:33.424152" level="INFO">${body} = {'email': 'testing@email.com', 'password': '123456789'}</msg>
<var>${body}</var>
<arg>email=${email}</arg>
<arg>password=${password}</arg>
<doc>Creates and returns a dictionary based on the given ``items``.</doc>
<status status="PASS" start="2025-09-27T14:58:33.423824" elapsed="0.000370"/>
</kw>
<kw name="POST On Session" owner="RequestsLibrary">
<msg time="2025-09-27T14:58:33.622687" level="INFO">POST Request : url=https://thinking-tester-contact-list.herokuapp.com/users/login 
 path_url=/users/login 
 headers={'User-Agent': 'python-requests/2.32.5', 'Accept-Encoding': 'gzip, deflate', 'Accept': '*/*', 'Connection': 'keep-alive', 'content-type': 'application/json', 'Cookie': 'token=eyJhbGciOiJIUzI1NiIsInR5cCI6IkpXVCJ9.eyJfaWQiOiI2OGQ2NDgwYmI5NjcxNDAwMTVkYjQzY2YiLCJpYXQiOjE3NTg5NzQzMTN9.eg8z1xbb56C51PCvBpAHNjDZDsV97N_pQpJyJ6SvENU', 'Content-Length': '55'} 
 body=b'{"email": "testing@email.com", "password": "123456789"}' 
 </msg>
<msg time="2025-09-27T14:58:33.622811" level="INFO">POST Response : url=https://thinking-tester-contact-list.herokuapp.com/users/login 
 status=401, reason=Unauthorized 
 headers={'Content-Length': '0', 'Date': 'Sat, 27 Sep 2025 11:58:33 GMT', 'Nel': '{"report_to":"heroku-nel","response_headers":["Via"],"max_age":3600,"success_fraction":0.01,"failure_fraction":0.1}', 'Report-To': '{"group":"heroku-nel","endpoints":[{"url":"https://nel.heroku.com/reports?s=Aw8Kz1QrrdZlEpdUZqrDMkbh%2BSnIqRDlg3DDgPQOCLk%3D\\u0026sid=af571f24-03ee-46d1-9f90-ab9030c2c74c\\u0026ts=1758974313"}],"max_age":3600}', 'Reporting-Endpoints': 'heroku-nel="https://nel.heroku.com/reports?s=Aw8Kz1QrrdZlEpdUZqrDMkbh%2BSnIqRDlg3DDgPQOCLk%3D&amp;sid=af571f24-03ee-46d1-9f90-ab9030c2c74c&amp;ts=1758974313"', 'Server': 'Heroku', 'Via': '1.1 heroku-router', 'X-Powered-By': 'Express'} 
 body=None 
 </msg>
<msg time="2025-09-27T14:58:33.623022" level="INFO">/Users/husseinalmulla/SWD/TestAutoRF/.venv/lib/python3.12/site-packages/urllib3/connectionpool.py:1097: InsecureRequestWarning: Unverified HTTPS request is being made to host 'thinking-tester-contact-list.herokuapp.com'. Adding certificate verification is strongly advised. See: https://urllib3.readthedocs.io/en/latest/advanced-usage.html#tls-warnings
  warnings.warn(</msg>
<msg time="2025-09-27T14:58:33.623252" level="INFO">${response} = &lt;Response [401]&gt;</msg>
<var>${response}</var>
<arg>contact_list</arg>
<arg>/users/login</arg>
<arg>json=${body}</arg>
<arg>headers=${headers}</arg>
<arg>expected_status=${status}</arg>
<doc>Sends a POST request on a previously created HTTP Session.</doc>
<status status="PASS" start="2025-09-27T14:58:33.424345" elapsed="0.198959"/>
</kw>
<return>
<value>${response}</value>
<status status="PASS" start="2025-09-27T14:58:33.623439" elapsed="0.000124"/>
</return>
<msg time="2025-09-27T14:58:33.623866" level="INFO">${response} = &lt;Response [401]&gt;</msg>
<var>${response}</var>
<arg>${email}</arg>
<arg>${password}</arg>
<arg>401</arg>
<status status="PASS" start="2025-09-27T14:58:33.422930" elapsed="0.200989"/>
</kw>
<arg>testing@email.com</arg>
<arg>123456789</arg>
<status status="PASS" start="2025-09-27T14:58:33.422496" elapsed="0.201558"/>
</kw>
<kw name="Login Invalid User (Expected 401)">
<kw name="Call Post Login Request">
<kw name="Create Dictionary" owner="BuiltIn">
<msg time="2025-09-27T14:58:33.625627" level="INFO">${headers} = {'content-type': 'application/json'}</msg>
<var>${headers}</var>
<arg>content-type=application/json</arg>
<doc>Creates and returns a dictionary based on the given ``items``.</doc>
<status status="PASS" start="2025-09-27T14:58:33.625329" elapsed="0.000418"/>
</kw>
<kw name="Create Dictionary" owner="BuiltIn">
<msg time="2025-09-27T14:58:33.626510" level="INFO">${body} = {'email': 'testing_robot@email.com', 'password': '12345'}</msg>
<var>${body}</var>
<arg>email=${email}</arg>
<arg>password=${password}</arg>
<doc>Creates and returns a dictionary based on the given ``items``.</doc>
<status status="PASS" start="2025-09-27T14:58:33.626086" elapsed="0.000468"/>
</kw>
<kw name="POST On Session" owner="RequestsLibrary">
<msg time="2025-09-27T14:58:33.827788" level="INFO">POST Request : url=https://thinking-tester-contact-list.herokuapp.com/users/login 
 path_url=/users/login 
 headers={'User-Agent': 'python-requests/2.32.5', 'Accept-Encoding': 'gzip, deflate', 'Accept': '*/*', 'Connection': 'keep-alive', 'content-type': 'application/json', 'Cookie': 'token=eyJhbGciOiJIUzI1NiIsInR5cCI6IkpXVCJ9.eyJfaWQiOiI2OGQ2NDgwYmI5NjcxNDAwMTVkYjQzY2YiLCJpYXQiOjE3NTg5NzQzMTN9.eg8z1xbb56C51PCvBpAHNjDZDsV97N_pQpJyJ6SvENU', 'Content-Length': '57'} 
 body=b'{"email": "testing_robot@email.com", "password": "12345"}' 
 </msg>
<msg time="2025-09-27T14:58:33.828032" level="INFO">POST Response : url=https://thinking-tester-contact-list.herokuapp.com/users/login 
 status=401, reason=Unauthorized 
 headers={'Content-Length': '0', 'Date': 'Sat, 27 Sep 2025 11:58:34 GMT', 'Nel': '{"report_to":"heroku-nel","response_headers":["Via"],"max_age":3600,"success_fraction":0.01,"failure_fraction":0.1}', 'Report-To': '{"group":"heroku-nel","endpoints":[{"url":"https://nel.heroku.com/reports?s=wC2qNv%2FaYp76PlGvwn8UvqY4STpT5O4Q8uJE4VEejrg%3D\\u0026sid=af571f24-03ee-46d1-9f90-ab9030c2c74c\\u0026ts=1758974314"}],"max_age":3600}', 'Reporting-Endpoints': 'heroku-nel="https://nel.heroku.com/reports?s=wC2qNv%2FaYp76PlGvwn8UvqY4STpT5O4Q8uJE4VEejrg%3D&amp;sid=af571f24-03ee-46d1-9f90-ab9030c2c74c&amp;ts=1758974314"', 'Server': 'Heroku', 'Via': '1.1 heroku-router', 'X-Powered-By': 'Express'} 
 body=None 
 </msg>
<msg time="2025-09-27T14:58:33.828364" level="INFO">/Users/husseinalmulla/SWD/TestAutoRF/.venv/lib/python3.12/site-packages/urllib3/connectionpool.py:1097: InsecureRequestWarning: Unverified HTTPS request is being made to host 'thinking-tester-contact-list.herokuapp.com'. Adding certificate verification is strongly advised. See: https://urllib3.readthedocs.io/en/latest/advanced-usage.html#tls-warnings
  warnings.warn(</msg>
<msg time="2025-09-27T14:58:33.828578" level="INFO">${response} = &lt;Response [401]&gt;</msg>
<var>${response}</var>
<arg>contact_list</arg>
<arg>/users/login</arg>
<arg>json=${body}</arg>
<arg>headers=${headers}</arg>
<arg>expected_status=${status}</arg>
<doc>Sends a POST request on a previously created HTTP Session.</doc>
<status status="PASS" start="2025-09-27T14:58:33.626733" elapsed="0.201901"/>
</kw>
<return>
<value>${response}</value>
<status status="PASS" start="2025-09-27T14:58:33.828759" elapsed="0.000069"/>
</return>
<msg time="2025-09-27T14:58:33.829033" level="INFO">${response} = &lt;Response [401]&gt;</msg>
<var>${response}</var>
<arg>${email}</arg>
<arg>${password}</arg>
<arg>401</arg>
<status status="PASS" start="2025-09-27T14:58:33.624856" elapsed="0.204218"/>
</kw>
<arg>testing_robot@email.com</arg>
<arg>12345</arg>
<status status="PASS" start="2025-09-27T14:58:33.624397" elapsed="0.204789"/>
</kw>
<kw name="Login Invalid User (Expected 401)">
<kw name="Call Post Login Request">
<kw name="Create Dictionary" owner="BuiltIn">
<msg time="2025-09-27T14:58:33.830920" level="INFO">${headers} = {'content-type': 'application/json'}</msg>
<var>${headers}</var>
<arg>content-type=application/json</arg>
<doc>Creates and returns a dictionary based on the given ``items``.</doc>
<status status="PASS" start="2025-09-27T14:58:33.830552" elapsed="0.000487"/>
</kw>
<kw name="Create Dictionary" owner="BuiltIn">
<msg time="2025-09-27T14:58:33.832079" level="INFO">${body} = {'email': 'sad@email.com', 'password': '12345'}</msg>
<var>${body}</var>
<arg>email=${email}</arg>
<arg>password=${password}</arg>
<doc>Creates and returns a dictionary based on the given ``items``.</doc>
<status status="PASS" start="2025-09-27T14:58:33.831582" elapsed="0.000550"/>
</kw>
<kw name="POST On Session" owner="RequestsLibrary">
<msg time="2025-09-27T14:58:34.011188" level="INFO">POST Request : url=https://thinking-tester-contact-list.herokuapp.com/users/login 
 path_url=/users/login 
 headers={'User-Agent': 'python-requests/2.32.5', 'Accept-Encoding': 'gzip, deflate', 'Accept': '*/*', 'Connection': 'keep-alive', 'content-type': 'application/json', 'Cookie': 'token=eyJhbGciOiJIUzI1NiIsInR5cCI6IkpXVCJ9.eyJfaWQiOiI2OGQ2NDgwYmI5NjcxNDAwMTVkYjQzY2YiLCJpYXQiOjE3NTg5NzQzMTN9.eg8z1xbb56C51PCvBpAHNjDZDsV97N_pQpJyJ6SvENU', 'Content-Length': '47'} 
 body=b'{"email": "sad@email.com", "password": "12345"}' 
 </msg>
<msg time="2025-09-27T14:58:34.011335" level="INFO">POST Response : url=https://thinking-tester-contact-list.herokuapp.com/users/login 
 status=401, reason=Unauthorized 
 headers={'Content-Length': '0', 'Date': 'Sat, 27 Sep 2025 11:58:34 GMT', 'Nel': '{"report_to":"heroku-nel","response_headers":["Via"],"max_age":3600,"success_fraction":0.01,"failure_fraction":0.1}', 'Report-To': '{"group":"heroku-nel","endpoints":[{"url":"https://nel.heroku.com/reports?s=wC2qNv%2FaYp76PlGvwn8UvqY4STpT5O4Q8uJE4VEejrg%3D\\u0026sid=af571f24-03ee-46d1-9f90-ab9030c2c74c\\u0026ts=1758974314"}],"max_age":3600}', 'Reporting-Endpoints': 'heroku-nel="https://nel.heroku.com/reports?s=wC2qNv%2FaYp76PlGvwn8UvqY4STpT5O4Q8uJE4VEejrg%3D&amp;sid=af571f24-03ee-46d1-9f90-ab9030c2c74c&amp;ts=1758974314"', 'Server': 'Heroku', 'Via': '1.1 heroku-router', 'X-Powered-By': 'Express'} 
 body=None 
 </msg>
<msg time="2025-09-27T14:58:34.011834" level="INFO">/Users/husseinalmulla/SWD/TestAutoRF/.venv/lib/python3.12/site-packages/urllib3/connectionpool.py:1097: InsecureRequestWarning: Unverified HTTPS request is being made to host 'thinking-tester-contact-list.herokuapp.com'. Adding certificate verification is strongly advised. See: https://urllib3.readthedocs.io/en/latest/advanced-usage.html#tls-warnings
  warnings.warn(</msg>
<msg time="2025-09-27T14:58:34.012081" level="INFO">${response} = &lt;Response [401]&gt;</msg>
<var>${response}</var>
<arg>contact_list</arg>
<arg>/users/login</arg>
<arg>json=${body}</arg>
<arg>headers=${headers}</arg>
<arg>expected_status=${status}</arg>
<doc>Sends a POST request on a previously created HTTP Session.</doc>
<status status="PASS" start="2025-09-27T14:58:33.832344" elapsed="0.179853"/>
</kw>
<return>
<value>${response}</value>
<status status="PASS" start="2025-09-27T14:58:34.012489" elapsed="0.000093"/>
</return>
<msg time="2025-09-27T14:58:34.012832" level="INFO">${response} = &lt;Response [401]&gt;</msg>
<var>${response}</var>
<arg>${email}</arg>
<arg>${password}</arg>
<arg>401</arg>
<status status="PASS" start="2025-09-27T14:58:33.830098" elapsed="0.182784"/>
</kw>
<arg>sad@email.com</arg>
<arg>12345</arg>
<status status="PASS" start="2025-09-27T14:58:33.829598" elapsed="0.183480"/>
</kw>
<kw name="Login Invalid User (Expected 401)">
<kw name="Call Post Login Request">
<kw name="Create Dictionary" owner="BuiltIn">
<msg time="2025-09-27T14:58:34.016133" level="INFO">${headers} = {'content-type': 'application/json'}</msg>
<var>${headers}</var>
<arg>content-type=application/json</arg>
<doc>Creates and returns a dictionary based on the given ``items``.</doc>
<status status="PASS" start="2025-09-27T14:58:34.015775" elapsed="0.000404"/>
</kw>
<kw name="Create Dictionary" owner="BuiltIn">
<msg time="2025-09-27T14:58:34.016709" level="INFO">${body} = {'email': '', 'password': ''}</msg>
<var>${body}</var>
<arg>email=${email}</arg>
<arg>password=${password}</arg>
<doc>Creates and returns a dictionary based on the given ``items``.</doc>
<status status="PASS" start="2025-09-27T14:58:34.016370" elapsed="0.000381"/>
</kw>
<kw name="POST On Session" owner="RequestsLibrary">
<msg time="2025-09-27T14:58:34.193973" level="INFO">POST Request : url=https://thinking-tester-contact-list.herokuapp.com/users/login 
 path_url=/users/login 
 headers={'User-Agent': 'python-requests/2.32.5', 'Accept-Encoding': 'gzip, deflate', 'Accept': '*/*', 'Connection': 'keep-alive', 'content-type': 'application/json', 'Cookie': 'token=eyJhbGciOiJIUzI1NiIsInR5cCI6IkpXVCJ9.eyJfaWQiOiI2OGQ2NDgwYmI5NjcxNDAwMTVkYjQzY2YiLCJpYXQiOjE3NTg5NzQzMTN9.eg8z1xbb56C51PCvBpAHNjDZDsV97N_pQpJyJ6SvENU', 'Content-Length': '29'} 
 body=b'{"email": "", "password": ""}' 
 </msg>
<msg time="2025-09-27T14:58:34.194192" level="INFO">POST Response : url=https://thinking-tester-contact-list.herokuapp.com/users/login 
 status=401, reason=Unauthorized 
 headers={'Content-Length': '0', 'Date': 'Sat, 27 Sep 2025 11:58:34 GMT', 'Nel': '{"report_to":"heroku-nel","response_headers":["Via"],"max_age":3600,"success_fraction":0.01,"failure_fraction":0.1}', 'Report-To': '{"group":"heroku-nel","endpoints":[{"url":"https://nel.heroku.com/reports?s=wC2qNv%2FaYp76PlGvwn8UvqY4STpT5O4Q8uJE4VEejrg%3D\\u0026sid=af571f24-03ee-46d1-9f90-ab9030c2c74c\\u0026ts=1758974314"}],"max_age":3600}', 'Reporting-Endpoints': 'heroku-nel="https://nel.heroku.com/reports?s=wC2qNv%2FaYp76PlGvwn8UvqY4STpT5O4Q8uJE4VEejrg%3D&amp;sid=af571f24-03ee-46d1-9f90-ab9030c2c74c&amp;ts=1758974314"', 'Server': 'Heroku', 'Via': '1.1 heroku-router', 'X-Powered-By': 'Express'} 
 body=None 
 </msg>
<msg time="2025-09-27T14:58:34.194385" level="INFO">/Users/husseinalmulla/SWD/TestAutoRF/.venv/lib/python3.12/site-packages/urllib3/connectionpool.py:1097: InsecureRequestWarning: Unverified HTTPS request is being made to host 'thinking-tester-contact-list.herokuapp.com'. Adding certificate verification is strongly advised. See: https://urllib3.readthedocs.io/en/latest/advanced-usage.html#tls-warnings
  warnings.warn(</msg>
<msg time="2025-09-27T14:58:34.194668" level="INFO">${response} = &lt;Response [401]&gt;</msg>
<var>${response}</var>
<arg>contact_list</arg>
<arg>/users/login</arg>
<arg>json=${body}</arg>
<arg>headers=${headers}</arg>
<arg>expected_status=${status}</arg>
<doc>Sends a POST request on a previously created HTTP Session.</doc>
<status status="PASS" start="2025-09-27T14:58:34.016923" elapsed="0.177832"/>
</kw>
<return>
<value>${response}</value>
<status status="PASS" start="2025-09-27T14:58:34.195027" elapsed="0.000225"/>
</return>
<msg time="2025-09-27T14:58:34.195685" level="INFO">${response} = &lt;Response [401]&gt;</msg>
<var>${response}</var>
<arg>${email}</arg>
<arg>${password}</arg>
<arg>401</arg>
<status status="PASS" start="2025-09-27T14:58:34.015167" elapsed="0.180583"/>
</kw>
<arg>${EMPTY}</arg>
<arg>${EMPTY}</arg>
<status status="PASS" start="2025-09-27T14:58:34.013423" elapsed="0.182460"/>
</kw>
<status status="PASS" start="2025-09-27T14:58:33.422008" elapsed="0.774320"/>
</test>
<status status="PASS" start="2025-09-27T14:58:32.262883" elapsed="1.934121"/>
</suite>
<suite id="s1-s1-s2" name="02 Register" source="/Users/husseinalmulla/SWD/TestAutoRF/Tests/contact_list_example/02_register.robot">
<kw name="Create Session" owner="RequestsLibrary" type="SETUP">
<msg time="2025-09-27T14:58:34.203046" level="INFO">Creating Session using : alias=contact_list, url=https://thinking-tester-contact-list.herokuapp.com, headers={},                     cookies={}, auth=None, timeout=None, proxies=None, verify=False,                     debug=0 </msg>
<arg>contact_list</arg>
<arg>${CONTACT_LIST_URL}</arg>
<doc>Create Session: create a HTTP session to a server</doc>
<status status="PASS" start="2025-09-27T14:58:34.202521" elapsed="0.000723"/>
</kw>
<test id="s1-s1-s2-t1" name="Register New User" line="32">
<kw name="Generate Random String" owner="String">
<msg time="2025-09-27T14:58:34.204121" level="INFO">${first_name} = 5BT6fmyc4P</msg>
<var>${first_name}</var>
<arg>10</arg>
<doc>Generates a string with a desired ``length`` from the given ``chars``.</doc>
<status status="PASS" start="2025-09-27T14:58:34.203794" elapsed="0.000369"/>
</kw>
<kw name="Generate Random String" owner="String">
<msg time="2025-09-27T14:58:34.204629" level="INFO">${last_name} = wTCg16Yi49</msg>
<var>${last_name}</var>
<arg>10</arg>
<doc>Generates a string with a desired ``length`` from the given ``chars``.</doc>
<status status="PASS" start="2025-09-27T14:58:34.204364" elapsed="0.000305"/>
</kw>
<kw name="Generate Email" owner="GeneralKeywords">
<kw name="Generate Random String" owner="String">
<msg time="2025-09-27T14:58:34.205463" level="INFO">${first_name} = Hoc6nlrTLn</msg>
<var>${first_name}</var>
<arg>10</arg>
<doc>Generates a string with a desired ``length`` from the given ``chars``.</doc>
<status status="PASS" start="2025-09-27T14:58:34.205219" elapsed="0.000284"/>
</kw>
<kw name="Generate Random String" owner="String">
<msg time="2025-09-27T14:58:34.205885" level="INFO">${last_name} = wmawR7e2m9</msg>
<var>${last_name}</var>
<arg>10</arg>
<doc>Generates a string with a desired ``length`` from the given ``chars``.</doc>
<status status="PASS" start="2025-09-27T14:58:34.205648" elapsed="0.000276"/>
</kw>
<kw name="Set Variable" owner="BuiltIn">
<msg time="2025-09-27T14:58:34.206317" level="INFO">${email} = Hoc6nlrTLn_wmawR7e2m9@email.com</msg>
<var>${email}</var>
<arg>${first_name}_${last_name}@email.com</arg>
<doc>Returns the given values which can then be assigned to a variables.</doc>
<status status="PASS" start="2025-09-27T14:58:34.206069" elapsed="0.000286"/>
</kw>
<kw name="Convert To Lower Case" owner="String">
<msg time="2025-09-27T14:58:34.206696" level="INFO">${email_lower} = hoc6nlrtln_wmawr7e2m9@email.com</msg>
<var>${email_lower}</var>
<arg>${email}</arg>
<doc>Converts string to lower case.</doc>
<status status="PASS" start="2025-09-27T14:58:34.206497" elapsed="0.000237"/>
</kw>
<return>
<value>${email_lower}</value>
<status status="PASS" start="2025-09-27T14:58:34.206809" elapsed="0.000061"/>
</return>
<msg time="2025-09-27T14:58:34.207039" level="INFO">${email} = hoc6nlrtln_wmawr7e2m9@email.com</msg>
<var>${email}</var>
<status status="PASS" start="2025-09-27T14:58:34.204927" elapsed="0.002235"/>
</kw>
<kw name="Generate Random String" owner="String">
<msg time="2025-09-27T14:58:34.207607" level="INFO">${password} = oFCSMIhMH3</msg>
<var>${password}</var>
<arg>10</arg>
<doc>Generates a string with a desired ``length`` from the given ``chars``.</doc>
<status status="PASS" start="2025-09-27T14:58:34.207355" elapsed="0.000292"/>
</kw>
<kw name="Call Post Add User Request">
<kw name="Create Dictionary" owner="BuiltIn">
<msg time="2025-09-27T14:58:34.208697" level="INFO">${headers} = {'content-type': 'application/json'}</msg>
<var>${headers}</var>
<arg>content-type=application/json</arg>
<doc>Creates and returns a dictionary based on the given ``items``.</doc>
<status status="PASS" start="2025-09-27T14:58:34.208365" elapsed="0.000379"/>
</kw>
<kw name="Create Dictionary" owner="BuiltIn">
<msg time="2025-09-27T14:58:34.209379" level="INFO">${body} = {'firstName': '5BT6fmyc4P', 'lastName': 'wTCg16Yi49', 'email': 'hoc6nlrtln_wmawr7e2m9@email.com', 'password': 'oFCSMIhMH3'}</msg>
<var>${body}</var>
<arg>firstName=${firstName}</arg>
<arg>lastName=${lastName}</arg>
<arg>email=${email}</arg>
<arg>password=${password}</arg>
<doc>Creates and returns a dictionary based on the given ``items``.</doc>
<status status="PASS" start="2025-09-27T14:58:34.208906" elapsed="0.000529"/>
</kw>
<kw name="POST On Session" owner="RequestsLibrary">
<msg time="2025-09-27T14:58:34.952211" level="INFO">POST Request : url=https://thinking-tester-contact-list.herokuapp.com/users 
 path_url=/users 
 headers={'User-Agent': 'python-requests/2.32.5', 'Accept-Encoding': 'gzip, deflate', 'Accept': '*/*', 'Connection': 'keep-alive', 'content-type': 'application/json', 'Content-Length': '123'} 
 body=b'{"firstName": "5BT6fmyc4P", "lastName": "wTCg16Yi49", "email": "hoc6nlrtln_wmawr7e2m9@email.com", "password": "oFCSMIhMH3"}' 
 </msg>
<msg time="2025-09-27T14:58:34.952343" level="INFO">POST Response : url=https://thinking-tester-contact-list.herokuapp.com/users 
 status=201, reason=Created 
 headers={'Content-Length': '302', 'Content-Type': 'application/json; charset=utf-8', 'Date': 'Sat, 27 Sep 2025 11:58:35 GMT', 'Etag': 'W/"12e-Xvl//pw6+QlKBWFXm8MLXaGW3ro"', 'Nel': '{"report_to":"heroku-nel","response_headers":["Via"],"max_age":3600,"success_fraction":0.01,"failure_fraction":0.1}', 'Report-To': '{"group":"heroku-nel","endpoints":[{"url":"https://nel.heroku.com/reports?s=Sd%2F%2Fo%2B%2BR1N63VdnJ%2BbTWRh4oajAFLhI%2BinkMR8AEiNA%3D\\u0026sid=af571f24-03ee-46d1-9f90-ab9030c2c74c\\u0026ts=1758974315"}],"max_age":3600}', 'Reporting-Endpoints': 'heroku-nel="https://nel.heroku.com/reports?s=Sd%2F%2Fo%2B%2BR1N63VdnJ%2BbTWRh4oajAFLhI%2BinkMR8AEiNA%3D&amp;sid=af571f24-03ee-46d1-9f90-ab9030c2c74c&amp;ts=1758974315"', 'Server': 'Heroku', 'Set-Cookie': 'token=eyJhbGciOiJIUzI1NiIsInR5cCI6IkpXVCJ9.eyJfaWQiOiI2OGQ3ZDE2YjRjODVjZjAwMTUzNTEyODUiLCJpYXQiOjE3NTg5NzQzMTV9.RtaY508-ukWvcBFOwgHPshbQlhpML1hEtqBd9ZloJQ4; Max-Age=684; Path=/; Expires=Sat, 27 Sep 2025 12:09:59 GMT', 'Via': '1.1 heroku-router', 'X-Powered-By': 'Express'} 
 body={"user":{"_id":"68d7d16b4c85cf0015351285","firstName":"5BT6fmyc4P","lastName":"wTCg16Yi49","email":"hoc6nlrtln_wmawr7e2m9@email.com","__v":1},"token":"eyJhbGciOiJIUzI1NiIsInR5cCI6IkpXVCJ9.eyJfaWQiOiI2OGQ3ZDE2YjRjODVjZjAwMTUzNTEyODUiLCJpYXQiOjE3NTg5NzQzMTV9.RtaY508-ukWvcBFOwgHPshbQlhpML1hEtqBd9ZloJQ4"} 
 </msg>
<msg time="2025-09-27T14:58:34.952474" level="INFO">/Users/husseinalmulla/SWD/TestAutoRF/.venv/lib/python3.12/site-packages/urllib3/connectionpool.py:1097: InsecureRequestWarning: Unverified HTTPS request is being made to host 'thinking-tester-contact-list.herokuapp.com'. Adding certificate verification is strongly advised. See: https://urllib3.readthedocs.io/en/latest/advanced-usage.html#tls-warnings
  warnings.warn(</msg>
<msg time="2025-09-27T14:58:34.952665" level="INFO">${response} = &lt;Response [201]&gt;</msg>
<var>${response}</var>
<arg>contact_list</arg>
<arg>/users</arg>
<arg>json=${body}</arg>
<arg>headers=${headers}</arg>
<arg>expected_status=${status}</arg>
<doc>Sends a POST request on a previously created HTTP Session.</doc>
<status status="PASS" start="2025-09-27T14:58:34.209670" elapsed="0.743047"/>
</kw>
<return>
<value>${response}</value>
<status status="PASS" start="2025-09-27T14:58:34.952846" elapsed="0.000079"/>
</return>
<msg time="2025-09-27T14:58:34.953361" level="INFO">${response} = &lt;Response [201]&gt;</msg>
<var>${response}</var>
<arg>${first_name}</arg>
<arg>${last_name}</arg>
<arg>${email}</arg>
<arg>${password}</arg>
<arg>201</arg>
<status status="PASS" start="2025-09-27T14:58:34.207888" elapsed="0.745530"/>
</kw>
<kw name="Set Variable" owner="BuiltIn">
<msg time="2025-09-27T14:58:34.954867" level="INFO">${json} = {'user': {'_id': '68d7d16b4c85cf0015351285', 'firstName': '5BT6fmyc4P', 'lastName': 'wTCg16Yi49', 'email': 'hoc6nlrtln_wmawr7e2m9@email.com', '__v': 1}, 'token': 'eyJhbGciOiJIUzI1NiIsInR5cCI6IkpXVCJ9....</msg>
<var>${json}</var>
<arg>${response.json()}</arg>
<doc>Returns the given values which can then be assigned to a variables.</doc>
<status status="PASS" start="2025-09-27T14:58:34.953972" elapsed="0.001011"/>
</kw>
<kw name="Status Should Be" owner="RequestsLibrary">
<arg>201</arg>
<doc>Fails if response status code is different than the expected.</doc>
<status status="PASS" start="2025-09-27T14:58:34.955343" elapsed="0.000175"/>
</kw>
<kw name="Should Be Equal" owner="BuiltIn">
<arg>${json['user']['email']}</arg>
<arg>${email}</arg>
<doc>Fails if the given objects are unequal.</doc>
<status status="PASS" start="2025-09-27T14:58:34.955713" elapsed="0.000580"/>
</kw>
<kw name="Should Be Equal" owner="BuiltIn">
<arg>${json['user']['firstName']}</arg>
<arg>${first_name}</arg>
<doc>Fails if the given objects are unequal.</doc>
<status status="PASS" start="2025-09-27T14:58:34.956504" elapsed="0.000542"/>
</kw>
<kw name="Should Be Equal" owner="BuiltIn">
<arg>${json['user']['lastName']}</arg>
<arg>${last_name}</arg>
<doc>Fails if the given objects are unequal.</doc>
<status status="PASS" start="2025-09-27T14:58:34.957271" elapsed="0.000549"/>
</kw>
<kw name="Should Not Be Empty" owner="BuiltIn">
<msg time="2025-09-27T14:58:34.958496" level="INFO">Length is 149.</msg>
<arg>${json['token']}</arg>
<doc>Verifies that the given item is not empty.</doc>
<status status="PASS" start="2025-09-27T14:58:34.958006" elapsed="0.000557"/>
</kw>
<status status="PASS" start="2025-09-27T14:58:34.203354" elapsed="0.755391"/>
</test>
<test id="s1-s1-s2-t2" name="Template Add Invalid User (Expected 400)" line="46">
<kw name="Add Invalid User (Expected 400)">
<kw name="Call Post Add User Request">
<kw name="Create Dictionary" owner="BuiltIn">
<msg time="2025-09-27T14:58:34.961928" level="INFO">${headers} = {'content-type': 'application/json'}</msg>
<var>${headers}</var>
<arg>content-type=application/json</arg>
<doc>Creates and returns a dictionary based on the given ``items``.</doc>
<status status="PASS" start="2025-09-27T14:58:34.961698" elapsed="0.000272"/>
</kw>
<kw name="Create Dictionary" owner="BuiltIn">
<msg time="2025-09-27T14:58:34.963236" level="INFO">${body} = {'firstName': '', 'lastName': '', 'email': '', 'password': ''}</msg>
<var>${body}</var>
<arg>firstName=${firstName}</arg>
<arg>lastName=${lastName}</arg>
<arg>email=${email}</arg>
<arg>password=${password}</arg>
<doc>Creates and returns a dictionary based on the given ``items``.</doc>
<status status="PASS" start="2025-09-27T14:58:34.962124" elapsed="0.001158"/>
</kw>
<kw name="POST On Session" owner="RequestsLibrary">
<msg time="2025-09-27T14:58:35.152965" level="INFO">POST Request : url=https://thinking-tester-contact-list.herokuapp.com/users 
 path_url=/users 
 headers={'User-Agent': 'python-requests/2.32.5', 'Accept-Encoding': 'gzip, deflate', 'Accept': '*/*', 'Connection': 'keep-alive', 'content-type': 'application/json', 'Cookie': 'token=eyJhbGciOiJIUzI1NiIsInR5cCI6IkpXVCJ9.eyJfaWQiOiI2OGQ3ZDE2YjRjODVjZjAwMTUzNTEyODUiLCJpYXQiOjE3NTg5NzQzMTV9.RtaY508-ukWvcBFOwgHPshbQlhpML1hEtqBd9ZloJQ4', 'Content-Length': '62'} 
 body=b'{"firstName": "", "lastName": "", "email": "", "password": ""}' 
 </msg>
<msg time="2025-09-27T14:58:35.153248" level="INFO">POST Response : url=https://thinking-tester-contact-list.herokuapp.com/users 
 status=400, reason=Bad Request 
 headers={'Content-Length': '1146', 'Content-Type': 'application/json; charset=utf-8', 'Date': 'Sat, 27 Sep 2025 11:58:35 GMT', 'Etag': 'W/"47a-+Cb4QOqChPS7z59/rCCcOIK3IOY"', 'Nel': '{"report_to":"heroku-nel","response_headers":["Via"],"max_age":3600,"success_fraction":0.01,"failure_fraction":0.1}', 'Report-To': '{"group":"heroku-nel","endpoints":[{"url":"https://nel.heroku.com/reports?s=Sd%2F%2Fo%2B%2BR1N63VdnJ%2BbTWRh4oajAFLhI%2BinkMR8AEiNA%3D\\u0026sid=af571f24-03ee-46d1-9f90-ab9030c2c74c\\u0026ts=1758974315"}],"max_age":3600}', 'Reporting-Endpoints': 'heroku-nel="https://nel.heroku.com/reports?s=Sd%2F%2Fo%2B%2BR1N63VdnJ%2BbTWRh4oajAFLhI%2BinkMR8AEiNA%3D&amp;sid=af571f24-03ee-46d1-9f90-ab9030c2c74c&amp;ts=1758974315"', 'Server': 'Heroku', 'Via': '1.1 heroku-router', 'X-Powered-By': 'Express'} 
 body={"errors":{"firstName":{"name":"ValidatorError","message":"Path `firstName` is required.","properties":{"message":"Path `firstName` is required.","type":"required","path":"firstName","value":""},"kind":"required","path":"firstName","value":""},"lastName":{"name":"ValidatorError","message":"Path `lastName` is required.","properties":{"message":"Path `lastName` is required.","type":"required","path":"lastName","value":""},"kind":"required","path":"lastName","value":""},"email":{"name":"ValidatorError","message":"Email is invalid","properties":{"message":"Email is invalid","type":"user defined","path":"email","value":"","reason":{}},"kind":"user defined","path":"email","value":"","reason":{}},"password":{"name":"ValidatorError","message":"Path `password` is required.","properties":{"message":"Path `password` is required.","type":"required","path":"password","value":""},"kind":"required","path":"password","value":""}},"_message":"User validation failed","message":"User validation failed: firstName: Path `firstName` is required., lastName: Path `lastName` is required., email: Email is invalid, password: Path `password` is required."} 
 </msg>
<msg time="2025-09-27T14:58:35.153427" level="INFO">/Users/husseinalmulla/SWD/TestAutoRF/.venv/lib/python3.12/site-packages/urllib3/connectionpool.py:1097: InsecureRequestWarning: Unverified HTTPS request is being made to host 'thinking-tester-contact-list.herokuapp.com'. Adding certificate verification is strongly advised. See: https://urllib3.readthedocs.io/en/latest/advanced-usage.html#tls-warnings
  warnings.warn(</msg>
<msg time="2025-09-27T14:58:35.153654" level="INFO">${response} = &lt;Response [400]&gt;</msg>
<var>${response}</var>
<arg>contact_list</arg>
<arg>/users</arg>
<arg>json=${body}</arg>
<arg>headers=${headers}</arg>
<arg>expected_status=${status}</arg>
<doc>Sends a POST request on a previously created HTTP Session.</doc>
<status status="PASS" start="2025-09-27T14:58:34.963512" elapsed="0.190203"/>
</kw>
<return>
<value>${response}</value>
<status status="PASS" start="2025-09-27T14:58:35.153875" elapsed="0.000098"/>
</return>
<msg time="2025-09-27T14:58:35.154265" level="INFO">${response} = &lt;Response [400]&gt;</msg>
<var>${response}</var>
<arg>firstName=${firstName}</arg>
<arg>lastName=${lastName}</arg>
<arg>email=${email}</arg>
<arg>password=${password}</arg>
<arg>status=400</arg>
<status status="PASS" start="2025-09-27T14:58:34.961145" elapsed="0.193180"/>
</kw>
<kw name="Set Variable" owner="BuiltIn">
<msg time="2025-09-27T14:58:35.155512" level="INFO">${body} = {'errors': {'firstName': {'name': 'ValidatorError', 'message': 'Path `firstName` is required.', 'properties': {'message': 'Path `firstName` is required.', 'type': 'required', 'path': 'firstName', 'val...</msg>
<var>${body}</var>
<arg>${response.json()}</arg>
<doc>Returns the given values which can then be assigned to a variables.</doc>
<status status="PASS" start="2025-09-27T14:58:35.154594" elapsed="0.001004"/>
</kw>
<kw name="Should Contain" owner="BuiltIn">
<arg>${body['message']}</arg>
<arg>User validation failed</arg>
<doc>Fails if ``container`` does not contain ``item`` one or more times.</doc>
<status status="PASS" start="2025-09-27T14:58:35.155787" elapsed="0.000627"/>
</kw>
<for flavor="IN">
<iter>
<kw name="Should Contain" owner="BuiltIn">
<arg>${body['message']}</arg>
<arg>${msg}</arg>
<doc>Fails if ``container`` does not contain ``item`` one or more times.</doc>
<status status="PASS" start="2025-09-27T14:58:35.156981" elapsed="0.000649"/>
</kw>
<var name="${msg}">`firstName` is required</var>
<status status="PASS" start="2025-09-27T14:58:35.156815" elapsed="0.000899"/>
</iter>
<iter>
<kw name="Should Contain" owner="BuiltIn">
<arg>${body['message']}</arg>
<arg>${msg}</arg>
<doc>Fails if ``container`` does not contain ``item`` one or more times.</doc>
<status status="PASS" start="2025-09-27T14:58:35.158046" elapsed="0.000649"/>
</kw>
<var name="${msg}">`lastName` is required</var>
<status status="PASS" start="2025-09-27T14:58:35.157889" elapsed="0.000891"/>
</iter>
<iter>
<kw name="Should Contain" owner="BuiltIn">
<arg>${body['message']}</arg>
<arg>${msg}</arg>
<doc>Fails if ``container`` does not contain ``item`` one or more times.</doc>
<status status="PASS" start="2025-09-27T14:58:35.159205" elapsed="0.000598"/>
</kw>
<var name="${msg}">Email is invalid</var>
<status status="PASS" start="2025-09-27T14:58:35.158945" elapsed="0.000930"/>
</iter>
<iter>
<kw name="Should Contain" owner="BuiltIn">
<arg>${body['message']}</arg>
<arg>${msg}</arg>
<doc>Fails if ``container`` does not contain ``item`` one or more times.</doc>
<status status="PASS" start="2025-09-27T14:58:35.160193" elapsed="0.000630"/>
</kw>
<var name="${msg}">`password` is required</var>
<status status="PASS" start="2025-09-27T14:58:35.160010" elapsed="0.000887"/>
</iter>
<var>${msg}</var>
<value>@{expected_message}</value>
<status status="PASS" start="2025-09-27T14:58:35.156540" elapsed="0.004428"/>
</for>
<kw name="Status Should Be" owner="RequestsLibrary">
<arg>400</arg>
<doc>Fails if response status code is different than the expected.</doc>
<status status="PASS" start="2025-09-27T14:58:35.161140" elapsed="0.000157"/>
</kw>
<arg>${EMPTY}</arg>
<arg>${EMPTY}</arg>
<arg>${EMPTY}</arg>
<arg>${EMPTY}</arg>
<arg>`firstName` is required</arg>
<arg>`lastName` is required</arg>
<arg>Email is invalid</arg>
<arg>`password` is required</arg>
<tag>Invalid</tag>
<status status="PASS" start="2025-09-27T14:58:34.959495" elapsed="0.201897"/>
</kw>
<kw name="Add Invalid User (Expected 400)">
<kw name="Call Post Add User Request">
<kw name="Create Dictionary" owner="BuiltIn">
<msg time="2025-09-27T14:58:35.164327" level="INFO">${headers} = {'content-type': 'application/json'}</msg>
<var>${headers}</var>
<arg>content-type=application/json</arg>
<doc>Creates and returns a dictionary based on the given ``items``.</doc>
<status status="PASS" start="2025-09-27T14:58:35.164064" elapsed="0.000310"/>
</kw>
<kw name="Create Dictionary" owner="BuiltIn">
<msg time="2025-09-27T14:58:35.165005" level="INFO">${body} = {'firstName': '', 'lastName': '', 'email': '', 'password': '1234567'}</msg>
<var>${body}</var>
<arg>firstName=${firstName}</arg>
<arg>lastName=${lastName}</arg>
<arg>email=${email}</arg>
<arg>password=${password}</arg>
<doc>Creates and returns a dictionary based on the given ``items``.</doc>
<status status="PASS" start="2025-09-27T14:58:35.164564" elapsed="0.000486"/>
</kw>
<kw name="POST On Session" owner="RequestsLibrary">
<msg time="2025-09-27T14:58:35.342671" level="INFO">POST Request : url=https://thinking-tester-contact-list.herokuapp.com/users 
 path_url=/users 
 headers={'User-Agent': 'python-requests/2.32.5', 'Accept-Encoding': 'gzip, deflate', 'Accept': '*/*', 'Connection': 'keep-alive', 'content-type': 'application/json', 'Cookie': 'token=eyJhbGciOiJIUzI1NiIsInR5cCI6IkpXVCJ9.eyJfaWQiOiI2OGQ3ZDE2YjRjODVjZjAwMTUzNTEyODUiLCJpYXQiOjE3NTg5NzQzMTV9.RtaY508-ukWvcBFOwgHPshbQlhpML1hEtqBd9ZloJQ4', 'Content-Length': '69'} 
 body=b'{"firstName": "", "lastName": "", "email": "", "password": "1234567"}' 
 </msg>
<msg time="2025-09-27T14:58:35.342841" level="INFO">POST Response : url=https://thinking-tester-contact-list.herokuapp.com/users 
 status=400, reason=Bad Request 
 headers={'Content-Length': '878', 'Content-Type': 'application/json; charset=utf-8', 'Date': 'Sat, 27 Sep 2025 11:58:35 GMT', 'Etag': 'W/"36e-IEM+uguOajvYcmBXkZe79TjLUhI"', 'Nel': '{"report_to":"heroku-nel","response_headers":["Via"],"max_age":3600,"success_fraction":0.01,"failure_fraction":0.1}', 'Report-To': '{"group":"heroku-nel","endpoints":[{"url":"https://nel.heroku.com/reports?s=Sd%2F%2Fo%2B%2BR1N63VdnJ%2BbTWRh4oajAFLhI%2BinkMR8AEiNA%3D\\u0026sid=af571f24-03ee-46d1-9f90-ab9030c2c74c\\u0026ts=1758974315"}],"max_age":3600}', 'Reporting-Endpoints': 'heroku-nel="https://nel.heroku.com/reports?s=Sd%2F%2Fo%2B%2BR1N63VdnJ%2BbTWRh4oajAFLhI%2BinkMR8AEiNA%3D&amp;sid=af571f24-03ee-46d1-9f90-ab9030c2c74c&amp;ts=1758974315"', 'Server': 'Heroku', 'Via': '1.1 heroku-router', 'X-Powered-By': 'Express'} 
 body={"errors":{"firstName":{"name":"ValidatorError","message":"Path `firstName` is required.","properties":{"message":"Path `firstName` is required.","type":"required","path":"firstName","value":""},"kind":"required","path":"firstName","value":""},"lastName":{"name":"ValidatorError","message":"Path `lastName` is required.","properties":{"message":"Path `lastName` is required.","type":"required","path":"lastName","value":""},"kind":"required","path":"lastName","value":""},"email":{"name":"ValidatorError","message":"Email is invalid","properties":{"message":"Email is invalid","type":"user defined","path":"email","value":"","reason":{}},"kind":"user defined","path":"email","value":"","reason":{}}},"_message":"User validation failed","message":"User validation failed: firstName: Path `firstName` is required., lastName: Path `lastName` is required., email: Email is invalid"} 
 </msg>
<msg time="2025-09-27T14:58:35.343105" level="INFO">/Users/husseinalmulla/SWD/TestAutoRF/.venv/lib/python3.12/site-packages/urllib3/connectionpool.py:1097: InsecureRequestWarning: Unverified HTTPS request is being made to host 'thinking-tester-contact-list.herokuapp.com'. Adding certificate verification is strongly advised. See: https://urllib3.readthedocs.io/en/latest/advanced-usage.html#tls-warnings
  warnings.warn(</msg>
<msg time="2025-09-27T14:58:35.343337" level="INFO">${response} = &lt;Response [400]&gt;</msg>
<var>${response}</var>
<arg>contact_list</arg>
<arg>/users</arg>
<arg>json=${body}</arg>
<arg>headers=${headers}</arg>
<arg>expected_status=${status}</arg>
<doc>Sends a POST request on a previously created HTTP Session.</doc>
<status status="PASS" start="2025-09-27T14:58:35.165233" elapsed="0.178166"/>
</kw>
<return>
<value>${response}</value>
<status status="PASS" start="2025-09-27T14:58:35.343565" elapsed="0.000098"/>
</return>
<msg time="2025-09-27T14:58:35.343943" level="INFO">${response} = &lt;Response [400]&gt;</msg>
<var>${response}</var>
<arg>firstName=${firstName}</arg>
<arg>lastName=${lastName}</arg>
<arg>email=${email}</arg>
<arg>password=${password}</arg>
<arg>status=400</arg>
<status status="PASS" start="2025-09-27T14:58:35.163454" elapsed="0.180538"/>
</kw>
<kw name="Set Variable" owner="BuiltIn">
<msg time="2025-09-27T14:58:35.345575" level="INFO">${body} = {'errors': {'firstName': {'name': 'ValidatorError', 'message': 'Path `firstName` is required.', 'properties': {'message': 'Path `firstName` is required.', 'type': 'required', 'path': 'firstName', 'val...</msg>
<var>${body}</var>
<arg>${response.json()}</arg>
<doc>Returns the given values which can then be assigned to a variables.</doc>
<status status="PASS" start="2025-09-27T14:58:35.344206" elapsed="0.001430"/>
</kw>
<kw name="Should Contain" owner="BuiltIn">
<arg>${body['message']}</arg>
<arg>User validation failed</arg>
<doc>Fails if ``container`` does not contain ``item`` one or more times.</doc>
<status status="PASS" start="2025-09-27T14:58:35.345856" elapsed="0.000742"/>
</kw>
<for flavor="IN">
<iter>
<kw name="Should Contain" owner="BuiltIn">
<arg>${body['message']}</arg>
<arg>${msg}</arg>
<doc>Fails if ``container`` does not contain ``item`` one or more times.</doc>
<status status="PASS" start="2025-09-27T14:58:35.347184" elapsed="0.000777"/>
</kw>
<var name="${msg}">`firstName` is required</var>
<status status="PASS" start="2025-09-27T14:58:35.346997" elapsed="0.001050"/>
</iter>
<iter>
<kw name="Should Contain" owner="BuiltIn">
<arg>${body['message']}</arg>
<arg>${msg}</arg>
<doc>Fails if ``container`` does not contain ``item`` one or more times.</doc>
<status status="PASS" start="2025-09-27T14:58:35.348377" elapsed="0.000702"/>
</kw>
<var name="${msg}">`lastName` is required</var>
<status status="PASS" start="2025-09-27T14:58:35.348208" elapsed="0.000957"/>
</iter>
<iter>
<kw name="Should Contain" owner="BuiltIn">
<arg>${body['message']}</arg>
<arg>${msg}</arg>
<doc>Fails if ``container`` does not contain ``item`` one or more times.</doc>
<status status="PASS" start="2025-09-27T14:58:35.349497" elapsed="0.000594"/>
</kw>
<var name="${msg}">Email is invalid</var>
<status status="PASS" start="2025-09-27T14:58:35.349327" elapsed="0.000836"/>
</iter>
<var>${msg}</var>
<value>@{expected_message}</value>
<status status="PASS" start="2025-09-27T14:58:35.346725" elapsed="0.003508"/>
</for>
<kw name="Status Should Be" owner="RequestsLibrary">
<arg>400</arg>
<doc>Fails if response status code is different than the expected.</doc>
<status status="PASS" start="2025-09-27T14:58:35.350414" elapsed="0.000164"/>
</kw>
<arg>${EMPTY}</arg>
<arg>${EMPTY}</arg>
<arg>${EMPTY}</arg>
<arg>1234567</arg>
<arg>`firstName` is required</arg>
<arg>`lastName` is required</arg>
<arg>Email is invalid</arg>
<tag>Invalid</tag>
<status status="PASS" start="2025-09-27T14:58:35.161742" elapsed="0.188932"/>
</kw>
<kw name="Add Invalid User (Expected 400)">
<kw name="Call Post Add User Request">
<kw name="Create Dictionary" owner="BuiltIn">
<msg time="2025-09-27T14:58:35.353182" level="INFO">${headers} = {'content-type': 'application/json'}</msg>
<var>${headers}</var>
<arg>content-type=application/json</arg>
<doc>Creates and returns a dictionary based on the given ``items``.</doc>
<status status="PASS" start="2025-09-27T14:58:35.352709" elapsed="0.000518"/>
</kw>
<kw name="Create Dictionary" owner="BuiltIn">
<msg time="2025-09-27T14:58:35.353860" level="INFO">${body} = {'firstName': '', 'lastName': '', 'email': 'email@email.com', 'password': '1234567'}</msg>
<var>${body}</var>
<arg>firstName=${firstName}</arg>
<arg>lastName=${lastName}</arg>
<arg>email=${email}</arg>
<arg>password=${password}</arg>
<doc>Creates and returns a dictionary based on the given ``items``.</doc>
<status status="PASS" start="2025-09-27T14:58:35.353390" elapsed="0.000524"/>
</kw>
<kw name="POST On Session" owner="RequestsLibrary">
<msg time="2025-09-27T14:58:35.534625" level="INFO">POST Request : url=https://thinking-tester-contact-list.herokuapp.com/users 
 path_url=/users 
 headers={'User-Agent': 'python-requests/2.32.5', 'Accept-Encoding': 'gzip, deflate', 'Accept': '*/*', 'Connection': 'keep-alive', 'content-type': 'application/json', 'Cookie': 'token=eyJhbGciOiJIUzI1NiIsInR5cCI6IkpXVCJ9.eyJfaWQiOiI2OGQ3ZDE2YjRjODVjZjAwMTUzNTEyODUiLCJpYXQiOjE3NTg5NzQzMTV9.RtaY508-ukWvcBFOwgHPshbQlhpML1hEtqBd9ZloJQ4', 'Content-Length': '84'} 
 body=b'{"firstName": "", "lastName": "", "email": "email@email.com", "password": "1234567"}' 
 </msg>
<msg time="2025-09-27T14:58:35.534786" level="INFO">POST Response : url=https://thinking-tester-contact-list.herokuapp.com/users 
 status=400, reason=Bad Request 
 headers={'Content-Length': '626', 'Content-Type': 'application/json; charset=utf-8', 'Date': 'Sat, 27 Sep 2025 11:58:35 GMT', 'Etag': 'W/"272-qyVhPZAgpXOZXdHhUuo/qQPwips"', 'Nel': '{"report_to":"heroku-nel","response_headers":["Via"],"max_age":3600,"success_fraction":0.01,"failure_fraction":0.1}', 'Report-To': '{"group":"heroku-nel","endpoints":[{"url":"https://nel.heroku.com/reports?s=Sd%2F%2Fo%2B%2BR1N63VdnJ%2BbTWRh4oajAFLhI%2BinkMR8AEiNA%3D\\u0026sid=af571f24-03ee-46d1-9f90-ab9030c2c74c\\u0026ts=1758974315"}],"max_age":3600}', 'Reporting-Endpoints': 'heroku-nel="https://nel.heroku.com/reports?s=Sd%2F%2Fo%2B%2BR1N63VdnJ%2BbTWRh4oajAFLhI%2BinkMR8AEiNA%3D&amp;sid=af571f24-03ee-46d1-9f90-ab9030c2c74c&amp;ts=1758974315"', 'Server': 'Heroku', 'Via': '1.1 heroku-router', 'X-Powered-By': 'Express'} 
 body={"errors":{"firstName":{"name":"ValidatorError","message":"Path `firstName` is required.","properties":{"message":"Path `firstName` is required.","type":"required","path":"firstName","value":""},"kind":"required","path":"firstName","value":""},"lastName":{"name":"ValidatorError","message":"Path `lastName` is required.","properties":{"message":"Path `lastName` is required.","type":"required","path":"lastName","value":""},"kind":"required","path":"lastName","value":""}},"_message":"User validation failed","message":"User validation failed: firstName: Path `firstName` is required., lastName: Path `lastName` is required."} 
 </msg>
<msg time="2025-09-27T14:58:35.534951" level="INFO">/Users/husseinalmulla/SWD/TestAutoRF/.venv/lib/python3.12/site-packages/urllib3/connectionpool.py:1097: InsecureRequestWarning: Unverified HTTPS request is being made to host 'thinking-tester-contact-list.herokuapp.com'. Adding certificate verification is strongly advised. See: https://urllib3.readthedocs.io/en/latest/advanced-usage.html#tls-warnings
  warnings.warn(</msg>
<msg time="2025-09-27T14:58:35.535181" level="INFO">${response} = &lt;Response [400]&gt;</msg>
<var>${response}</var>
<arg>contact_list</arg>
<arg>/users</arg>
<arg>json=${body}</arg>
<arg>headers=${headers}</arg>
<arg>expected_status=${status}</arg>
<doc>Sends a POST request on a previously created HTTP Session.</doc>
<status status="PASS" start="2025-09-27T14:58:35.354080" elapsed="0.181163"/>
</kw>
<return>
<value>${response}</value>
<status status="PASS" start="2025-09-27T14:58:35.535405" elapsed="0.000120"/>
</return>
<msg time="2025-09-27T14:58:35.535759" level="INFO">${response} = &lt;Response [400]&gt;</msg>
<var>${response}</var>
<arg>firstName=${firstName}</arg>
<arg>lastName=${lastName}</arg>
<arg>email=${email}</arg>
<arg>password=${password}</arg>
<arg>status=400</arg>
<status status="PASS" start="2025-09-27T14:58:35.352124" elapsed="0.183774"/>
</kw>
<kw name="Set Variable" owner="BuiltIn">
<msg time="2025-09-27T14:58:35.536868" level="INFO">${body} = {'errors': {'firstName': {'name': 'ValidatorError', 'message': 'Path `firstName` is required.', 'properties': {'message': 'Path `firstName` is required.', 'type': 'required', 'path': 'firstName', 'val...</msg>
<var>${body}</var>
<arg>${response.json()}</arg>
<doc>Returns the given values which can then be assigned to a variables.</doc>
<status status="PASS" start="2025-09-27T14:58:35.536127" elapsed="0.000795"/>
</kw>
<kw name="Should Contain" owner="BuiltIn">
<arg>${body['message']}</arg>
<arg>User validation failed</arg>
<doc>Fails if ``container`` does not contain ``item`` one or more times.</doc>
<status status="PASS" start="2025-09-27T14:58:35.537113" elapsed="0.000729"/>
</kw>
<for flavor="IN">
<iter>
<kw name="Should Contain" owner="BuiltIn">
<arg>${body['message']}</arg>
<arg>${msg}</arg>
<doc>Fails if ``container`` does not contain ``item`` one or more times.</doc>
<status status="PASS" start="2025-09-27T14:58:35.538357" elapsed="0.000689"/>
</kw>
<var name="${msg}">`firstName` is required</var>
<status status="PASS" start="2025-09-27T14:58:35.538201" elapsed="0.000916"/>
</iter>
<iter>
<kw name="Should Contain" owner="BuiltIn">
<arg>${body['message']}</arg>
<arg>${msg}</arg>
<doc>Fails if ``container`` does not contain ``item`` one or more times.</doc>
<status status="PASS" start="2025-09-27T14:58:35.539377" elapsed="0.000542"/>
</kw>
<var name="${msg}">`lastName` is required</var>
<status status="PASS" start="2025-09-27T14:58:35.539253" elapsed="0.000737"/>
</iter>
<var>${msg}</var>
<value>@{expected_message}</value>
<status status="PASS" start="2025-09-27T14:58:35.537957" elapsed="0.002101"/>
</for>
<kw name="Status Should Be" owner="RequestsLibrary">
<arg>400</arg>
<doc>Fails if response status code is different than the expected.</doc>
<status status="PASS" start="2025-09-27T14:58:35.540220" elapsed="0.000156"/>
</kw>
<arg>${EMPTY}</arg>
<arg>${EMPTY}</arg>
<arg>email@email.com</arg>
<arg>1234567</arg>
<arg>`firstName` is required</arg>
<arg>`lastName` is required</arg>
<tag>Invalid</tag>
<status status="PASS" start="2025-09-27T14:58:35.351029" elapsed="0.189443"/>
</kw>
<kw name="Add Invalid User (Expected 400)">
<kw name="Call Post Add User Request">
<kw name="Create Dictionary" owner="BuiltIn">
<msg time="2025-09-27T14:58:35.542262" level="INFO">${headers} = {'content-type': 'application/json'}</msg>
<var>${headers}</var>
<arg>content-type=application/json</arg>
<doc>Creates and returns a dictionary based on the given ``items``.</doc>
<status status="PASS" start="2025-09-27T14:58:35.542035" elapsed="0.000268"/>
</kw>
<kw name="Create Dictionary" owner="BuiltIn">
<msg time="2025-09-27T14:58:35.542849" level="INFO">${body} = {'firstName': '', 'lastName': 'lastname', 'email': 'email@email.com', 'password': '1234567'}</msg>
<var>${body}</var>
<arg>firstName=${firstName}</arg>
<arg>lastName=${lastName}</arg>
<arg>email=${email}</arg>
<arg>password=${password}</arg>
<doc>Creates and returns a dictionary based on the given ``items``.</doc>
<status status="PASS" start="2025-09-27T14:58:35.542453" elapsed="0.000436"/>
</kw>
<kw name="POST On Session" owner="RequestsLibrary">
<msg time="2025-09-27T14:58:35.719300" level="INFO">POST Request : url=https://thinking-tester-contact-list.herokuapp.com/users 
 path_url=/users 
 headers={'User-Agent': 'python-requests/2.32.5', 'Accept-Encoding': 'gzip, deflate', 'Accept': '*/*', 'Connection': 'keep-alive', 'content-type': 'application/json', 'Cookie': 'token=eyJhbGciOiJIUzI1NiIsInR5cCI6IkpXVCJ9.eyJfaWQiOiI2OGQ3ZDE2YjRjODVjZjAwMTUzNTEyODUiLCJpYXQiOjE3NTg5NzQzMTV9.RtaY508-ukWvcBFOwgHPshbQlhpML1hEtqBd9ZloJQ4', 'Content-Length': '92'} 
 body=b'{"firstName": "", "lastName": "lastname", "email": "email@email.com", "password": "1234567"}' 
 </msg>
<msg time="2025-09-27T14:58:35.719459" level="INFO">POST Response : url=https://thinking-tester-contact-list.herokuapp.com/users 
 status=400, reason=Bad Request 
 headers={'Content-Length': '358', 'Content-Type': 'application/json; charset=utf-8', 'Date': 'Sat, 27 Sep 2025 11:58:35 GMT', 'Etag': 'W/"166-428IUqKKbtEidx34spru+GREtL4"', 'Nel': '{"report_to":"heroku-nel","response_headers":["Via"],"max_age":3600,"success_fraction":0.01,"failure_fraction":0.1}', 'Report-To': '{"group":"heroku-nel","endpoints":[{"url":"https://nel.heroku.com/reports?s=Sd%2F%2Fo%2B%2BR1N63VdnJ%2BbTWRh4oajAFLhI%2BinkMR8AEiNA%3D\\u0026sid=af571f24-03ee-46d1-9f90-ab9030c2c74c\\u0026ts=1758974315"}],"max_age":3600}', 'Reporting-Endpoints': 'heroku-nel="https://nel.heroku.com/reports?s=Sd%2F%2Fo%2B%2BR1N63VdnJ%2BbTWRh4oajAFLhI%2BinkMR8AEiNA%3D&amp;sid=af571f24-03ee-46d1-9f90-ab9030c2c74c&amp;ts=1758974315"', 'Server': 'Heroku', 'Via': '1.1 heroku-router', 'X-Powered-By': 'Express'} 
 body={"errors":{"firstName":{"name":"ValidatorError","message":"Path `firstName` is required.","properties":{"message":"Path `firstName` is required.","type":"required","path":"firstName","value":""},"kind":"required","path":"firstName","value":""}},"_message":"User validation failed","message":"User validation failed: firstName: Path `firstName` is required."} 
 </msg>
<msg time="2025-09-27T14:58:35.719586" level="INFO">/Users/husseinalmulla/SWD/TestAutoRF/.venv/lib/python3.12/site-packages/urllib3/connectionpool.py:1097: InsecureRequestWarning: Unverified HTTPS request is being made to host 'thinking-tester-contact-list.herokuapp.com'. Adding certificate verification is strongly advised. See: https://urllib3.readthedocs.io/en/latest/advanced-usage.html#tls-warnings
  warnings.warn(</msg>
<msg time="2025-09-27T14:58:35.719809" level="INFO">${response} = &lt;Response [400]&gt;</msg>
<var>${response}</var>
<arg>contact_list</arg>
<arg>/users</arg>
<arg>json=${body}</arg>
<arg>headers=${headers}</arg>
<arg>expected_status=${status}</arg>
<doc>Sends a POST request on a previously created HTTP Session.</doc>
<status status="PASS" start="2025-09-27T14:58:35.543041" elapsed="0.176828"/>
</kw>
<return>
<value>${response}</value>
<status status="PASS" start="2025-09-27T14:58:35.720026" elapsed="0.000128"/>
</return>
<msg time="2025-09-27T14:58:35.720545" level="INFO">${response} = &lt;Response [400]&gt;</msg>
<var>${response}</var>
<arg>firstName=${firstName}</arg>
<arg>lastName=${lastName}</arg>
<arg>email=${email}</arg>
<arg>password=${password}</arg>
<arg>status=400</arg>
<status status="PASS" start="2025-09-27T14:58:35.541497" elapsed="0.179121"/>
</kw>
<kw name="Set Variable" owner="BuiltIn">
<msg time="2025-09-27T14:58:35.721633" level="INFO">${body} = {'errors': {'firstName': {'name': 'ValidatorError', 'message': 'Path `firstName` is required.', 'properties': {'message': 'Path `firstName` is required.', 'type': 'required', 'path': 'firstName', 'val...</msg>
<var>${body}</var>
<arg>${response.json()}</arg>
<doc>Returns the given values which can then be assigned to a variables.</doc>
<status status="PASS" start="2025-09-27T14:58:35.720882" elapsed="0.000819"/>
</kw>
<kw name="Should Contain" owner="BuiltIn">
<arg>${body['message']}</arg>
<arg>User validation failed</arg>
<doc>Fails if ``container`` does not contain ``item`` one or more times.</doc>
<status status="PASS" start="2025-09-27T14:58:35.721946" elapsed="0.000654"/>
</kw>
<for flavor="IN">
<iter>
<kw name="Should Contain" owner="BuiltIn">
<arg>${body['message']}</arg>
<arg>${msg}</arg>
<doc>Fails if ``container`` does not contain ``item`` one or more times.</doc>
<status status="PASS" start="2025-09-27T14:58:35.723100" elapsed="0.000669"/>
</kw>
<var name="${msg}">`firstName` is required</var>
<status status="PASS" start="2025-09-27T14:58:35.722946" elapsed="0.000906"/>
</iter>
<var>${msg}</var>
<value>@{expected_message}</value>
<status status="PASS" start="2025-09-27T14:58:35.722709" elapsed="0.001227"/>
</for>
<kw name="Status Should Be" owner="RequestsLibrary">
<arg>400</arg>
<doc>Fails if response status code is different than the expected.</doc>
<status status="PASS" start="2025-09-27T14:58:35.724137" elapsed="0.000175"/>
</kw>
<arg>${EMPTY}</arg>
<arg>lastname</arg>
<arg>email@email.com</arg>
<arg>1234567</arg>
<arg>`firstName` is required</arg>
<tag>Invalid</tag>
<status status="PASS" start="2025-09-27T14:58:35.540785" elapsed="0.183707"/>
</kw>
<kw name="Add Invalid User (Expected 400)">
<kw name="Call Post Add User Request">
<kw name="Create Dictionary" owner="BuiltIn">
<msg time="2025-09-27T14:58:35.725982" level="INFO">${headers} = {'content-type': 'application/json'}</msg>
<var>${headers}</var>
<arg>content-type=application/json</arg>
<doc>Creates and returns a dictionary based on the given ``items``.</doc>
<status status="PASS" start="2025-09-27T14:58:35.725761" elapsed="0.000261"/>
</kw>
<kw name="Create Dictionary" owner="BuiltIn">
<msg time="2025-09-27T14:58:35.726644" level="INFO">${body} = {'firstName': 'firstname', 'lastName': 'lastname', 'email': 'email@email', 'password': '1234567'}</msg>
<var>${body}</var>
<arg>firstName=${firstName}</arg>
<arg>lastName=${lastName}</arg>
<arg>email=${email}</arg>
<arg>password=${password}</arg>
<doc>Creates and returns a dictionary based on the given ``items``.</doc>
<status status="PASS" start="2025-09-27T14:58:35.726172" elapsed="0.000529"/>
</kw>
<kw name="POST On Session" owner="RequestsLibrary">
<msg time="2025-09-27T14:58:35.901620" level="INFO">POST Request : url=https://thinking-tester-contact-list.herokuapp.com/users 
 path_url=/users 
 headers={'User-Agent': 'python-requests/2.32.5', 'Accept-Encoding': 'gzip, deflate', 'Accept': '*/*', 'Connection': 'keep-alive', 'content-type': 'application/json', 'Cookie': 'token=eyJhbGciOiJIUzI1NiIsInR5cCI6IkpXVCJ9.eyJfaWQiOiI2OGQ3ZDE2YjRjODVjZjAwMTUzNTEyODUiLCJpYXQiOjE3NTg5NzQzMTV9.RtaY508-ukWvcBFOwgHPshbQlhpML1hEtqBd9ZloJQ4', 'Content-Length': '97'} 
 body=b'{"firstName": "firstname", "lastName": "lastname", "email": "email@email", "password": "1234567"}' 
 </msg>
<msg time="2025-09-27T14:58:35.901776" level="INFO">POST Response : url=https://thinking-tester-contact-list.herokuapp.com/users 
 status=400, reason=Bad Request 
 headers={'Content-Length': '357', 'Content-Type': 'application/json; charset=utf-8', 'Date': 'Sat, 27 Sep 2025 11:58:36 GMT', 'Etag': 'W/"165-byxRMKwqRLkyJ2H9IbLiAfMfvOs"', 'Nel': '{"report_to":"heroku-nel","response_headers":["Via"],"max_age":3600,"success_fraction":0.01,"failure_fraction":0.1}', 'Report-To': '{"group":"heroku-nel","endpoints":[{"url":"https://nel.heroku.com/reports?s=wKLrs6DO0yKl0tEcgN2Cfz%2Bpqo%2BDb2bvzm8mn%2FWL8sQ%3D\\u0026sid=af571f24-03ee-46d1-9f90-ab9030c2c74c\\u0026ts=1758974316"}],"max_age":3600}', 'Reporting-Endpoints': 'heroku-nel="https://nel.heroku.com/reports?s=wKLrs6DO0yKl0tEcgN2Cfz%2Bpqo%2BDb2bvzm8mn%2FWL8sQ%3D&amp;sid=af571f24-03ee-46d1-9f90-ab9030c2c74c&amp;ts=1758974316"', 'Server': 'Heroku', 'Via': '1.1 heroku-router', 'X-Powered-By': 'Express'} 
 body={"errors":{"email":{"name":"ValidatorError","message":"Email is invalid","properties":{"message":"Email is invalid","type":"user defined","path":"email","value":"email@email","reason":{}},"kind":"user defined","path":"email","value":"email@email","reason":{}}},"_message":"User validation failed","message":"User validation failed: email: Email is invalid"} 
 </msg>
<msg time="2025-09-27T14:58:35.901903" level="INFO">/Users/husseinalmulla/SWD/TestAutoRF/.venv/lib/python3.12/site-packages/urllib3/connectionpool.py:1097: InsecureRequestWarning: Unverified HTTPS request is being made to host 'thinking-tester-contact-list.herokuapp.com'. Adding certificate verification is strongly advised. See: https://urllib3.readthedocs.io/en/latest/advanced-usage.html#tls-warnings
  warnings.warn(</msg>
<msg time="2025-09-27T14:58:35.902125" level="INFO">${response} = &lt;Response [400]&gt;</msg>
<var>${response}</var>
<arg>contact_list</arg>
<arg>/users</arg>
<arg>json=${body}</arg>
<arg>headers=${headers}</arg>
<arg>expected_status=${status}</arg>
<doc>Sends a POST request on a previously created HTTP Session.</doc>
<status status="PASS" start="2025-09-27T14:58:35.726865" elapsed="0.175320"/>
</kw>
<return>
<value>${response}</value>
<status status="PASS" start="2025-09-27T14:58:35.902350" elapsed="0.000102"/>
</return>
<msg time="2025-09-27T14:58:35.902737" level="INFO">${response} = &lt;Response [400]&gt;</msg>
<var>${response}</var>
<arg>firstName=${firstName}</arg>
<arg>lastName=${lastName}</arg>
<arg>email=${email}</arg>
<arg>password=${password}</arg>
<arg>status=400</arg>
<status status="PASS" start="2025-09-27T14:58:35.725224" elapsed="0.177580"/>
</kw>
<kw name="Set Variable" owner="BuiltIn">
<msg time="2025-09-27T14:58:35.903795" level="INFO">${body} = {'errors': {'email': {'name': 'ValidatorError', 'message': 'Email is invalid', 'properties': {'message': 'Email is invalid', 'type': 'user defined', 'path': 'email', 'value': 'email@email', 'reason': ...</msg>
<var>${body}</var>
<arg>${response.json()}</arg>
<doc>Returns the given values which can then be assigned to a variables.</doc>
<status status="PASS" start="2025-09-27T14:58:35.903056" elapsed="0.000791"/>
</kw>
<kw name="Should Contain" owner="BuiltIn">
<arg>${body['message']}</arg>
<arg>User validation failed</arg>
<doc>Fails if ``container`` does not contain ``item`` one or more times.</doc>
<status status="PASS" start="2025-09-27T14:58:35.904034" elapsed="0.000941"/>
</kw>
<for flavor="IN">
<iter>
<kw name="Should Contain" owner="BuiltIn">
<arg>${body['message']}</arg>
<arg>${msg}</arg>
<doc>Fails if ``container`` does not contain ``item`` one or more times.</doc>
<status status="PASS" start="2025-09-27T14:58:35.905477" elapsed="0.000647"/>
</kw>
<var name="${msg}">Email is invalid</var>
<status status="PASS" start="2025-09-27T14:58:35.905324" elapsed="0.000883"/>
</iter>
<var>${msg}</var>
<value>@{expected_message}</value>
<status status="PASS" start="2025-09-27T14:58:35.905089" elapsed="0.001200"/>
</for>
<kw name="Status Should Be" owner="RequestsLibrary">
<arg>400</arg>
<doc>Fails if response status code is different than the expected.</doc>
<status status="PASS" start="2025-09-27T14:58:35.906481" elapsed="0.000155"/>
</kw>
<arg>firstname</arg>
<arg>lastname</arg>
<arg>email@email</arg>
<arg>1234567</arg>
<arg>Email is invalid</arg>
<tag>Invalid</tag>
<status status="PASS" start="2025-09-27T14:58:35.724805" elapsed="0.181922"/>
</kw>
<kw name="Add Invalid User (Expected 400)">
<kw name="Call Post Add User Request">
<kw name="Create Dictionary" owner="BuiltIn">
<msg time="2025-09-27T14:58:35.908212" level="INFO">${headers} = {'content-type': 'application/json'}</msg>
<var>${headers}</var>
<arg>content-type=application/json</arg>
<doc>Creates and returns a dictionary based on the given ``items``.</doc>
<status status="PASS" start="2025-09-27T14:58:35.907990" elapsed="0.000263"/>
</kw>
<kw name="Create Dictionary" owner="BuiltIn">
<msg time="2025-09-27T14:58:35.908800" level="INFO">${body} = {'firstName': 'firstname', 'lastName': 'lastname', 'email': 'email', 'password': '1234567'}</msg>
<var>${body}</var>
<arg>firstName=${firstName}</arg>
<arg>lastName=${lastName}</arg>
<arg>email=${email}</arg>
<arg>password=${password}</arg>
<doc>Creates and returns a dictionary based on the given ``items``.</doc>
<status status="PASS" start="2025-09-27T14:58:35.908403" elapsed="0.000437"/>
</kw>
<kw name="POST On Session" owner="RequestsLibrary">
<msg time="2025-09-27T14:58:36.083559" level="INFO">POST Request : url=https://thinking-tester-contact-list.herokuapp.com/users 
 path_url=/users 
 headers={'User-Agent': 'python-requests/2.32.5', 'Accept-Encoding': 'gzip, deflate', 'Accept': '*/*', 'Connection': 'keep-alive', 'content-type': 'application/json', 'Cookie': 'token=eyJhbGciOiJIUzI1NiIsInR5cCI6IkpXVCJ9.eyJfaWQiOiI2OGQ3ZDE2YjRjODVjZjAwMTUzNTEyODUiLCJpYXQiOjE3NTg5NzQzMTV9.RtaY508-ukWvcBFOwgHPshbQlhpML1hEtqBd9ZloJQ4', 'Content-Length': '91'} 
 body=b'{"firstName": "firstname", "lastName": "lastname", "email": "email", "password": "1234567"}' 
 </msg>
<msg time="2025-09-27T14:58:36.083690" level="INFO">POST Response : url=https://thinking-tester-contact-list.herokuapp.com/users 
 status=400, reason=Bad Request 
 headers={'Content-Length': '345', 'Content-Type': 'application/json; charset=utf-8', 'Date': 'Sat, 27 Sep 2025 11:58:36 GMT', 'Etag': 'W/"159-HCaj+q8LT50meZNY/c/W54UbMTc"', 'Nel': '{"report_to":"heroku-nel","response_headers":["Via"],"max_age":3600,"success_fraction":0.01,"failure_fraction":0.1}', 'Report-To': '{"group":"heroku-nel","endpoints":[{"url":"https://nel.heroku.com/reports?s=wKLrs6DO0yKl0tEcgN2Cfz%2Bpqo%2BDb2bvzm8mn%2FWL8sQ%3D\\u0026sid=af571f24-03ee-46d1-9f90-ab9030c2c74c\\u0026ts=1758974316"}],"max_age":3600}', 'Reporting-Endpoints': 'heroku-nel="https://nel.heroku.com/reports?s=wKLrs6DO0yKl0tEcgN2Cfz%2Bpqo%2BDb2bvzm8mn%2FWL8sQ%3D&amp;sid=af571f24-03ee-46d1-9f90-ab9030c2c74c&amp;ts=1758974316"', 'Server': 'Heroku', 'Via': '1.1 heroku-router', 'X-Powered-By': 'Express'} 
 body={"errors":{"email":{"name":"ValidatorError","message":"Email is invalid","properties":{"message":"Email is invalid","type":"user defined","path":"email","value":"email","reason":{}},"kind":"user defined","path":"email","value":"email","reason":{}}},"_message":"User validation failed","message":"User validation failed: email: Email is invalid"} 
 </msg>
<msg time="2025-09-27T14:58:36.083894" level="INFO">/Users/husseinalmulla/SWD/TestAutoRF/.venv/lib/python3.12/site-packages/urllib3/connectionpool.py:1097: InsecureRequestWarning: Unverified HTTPS request is being made to host 'thinking-tester-contact-list.herokuapp.com'. Adding certificate verification is strongly advised. See: https://urllib3.readthedocs.io/en/latest/advanced-usage.html#tls-warnings
  warnings.warn(</msg>
<msg time="2025-09-27T14:58:36.084097" level="INFO">${response} = &lt;Response [400]&gt;</msg>
<var>${response}</var>
<arg>contact_list</arg>
<arg>/users</arg>
<arg>json=${body}</arg>
<arg>headers=${headers}</arg>
<arg>expected_status=${status}</arg>
<doc>Sends a POST request on a previously created HTTP Session.</doc>
<status status="PASS" start="2025-09-27T14:58:35.908993" elapsed="0.175154"/>
</kw>
<return>
<value>${response}</value>
<status status="PASS" start="2025-09-27T14:58:36.084279" elapsed="0.000080"/>
</return>
<msg time="2025-09-27T14:58:36.084588" level="INFO">${response} = &lt;Response [400]&gt;</msg>
<var>${response}</var>
<arg>firstName=${firstName}</arg>
<arg>lastName=${lastName}</arg>
<arg>email=${email}</arg>
<arg>password=${password}</arg>
<arg>status=400</arg>
<status status="PASS" start="2025-09-27T14:58:35.907455" elapsed="0.177182"/>
</kw>
<kw name="Set Variable" owner="BuiltIn">
<msg time="2025-09-27T14:58:36.085580" level="INFO">${body} = {'errors': {'email': {'name': 'ValidatorError', 'message': 'Email is invalid', 'properties': {'message': 'Email is invalid', 'type': 'user defined', 'path': 'email', 'value': 'email', 'reason': {}}, '...</msg>
<var>${body}</var>
<arg>${response.json()}</arg>
<doc>Returns the given values which can then be assigned to a variables.</doc>
<status status="PASS" start="2025-09-27T14:58:36.084858" elapsed="0.000776"/>
</kw>
<kw name="Should Contain" owner="BuiltIn">
<arg>${body['message']}</arg>
<arg>User validation failed</arg>
<doc>Fails if ``container`` does not contain ``item`` one or more times.</doc>
<status status="PASS" start="2025-09-27T14:58:36.085825" elapsed="0.000617"/>
</kw>
<for flavor="IN">
<iter>
<kw name="Should Contain" owner="BuiltIn">
<arg>${body['message']}</arg>
<arg>${msg}</arg>
<doc>Fails if ``container`` does not contain ``item`` one or more times.</doc>
<status status="PASS" start="2025-09-27T14:58:36.086874" elapsed="0.000550"/>
</kw>
<var name="${msg}">Email is invalid</var>
<status status="PASS" start="2025-09-27T14:58:36.086741" elapsed="0.000753"/>
</iter>
<var>${msg}</var>
<value>@{expected_message}</value>
<status status="PASS" start="2025-09-27T14:58:36.086537" elapsed="0.001027"/>
</for>
<kw name="Status Should Be" owner="RequestsLibrary">
<arg>400</arg>
<doc>Fails if response status code is different than the expected.</doc>
<status status="PASS" start="2025-09-27T14:58:36.087724" elapsed="0.000155"/>
</kw>
<arg>firstname</arg>
<arg>lastname</arg>
<arg>email</arg>
<arg>1234567</arg>
<arg>Email is invalid</arg>
<tag>Invalid</tag>
<status status="PASS" start="2025-09-27T14:58:35.907036" elapsed="0.180935"/>
</kw>
<kw name="Add Invalid User (Expected 400)">
<kw name="Call Post Add User Request">
<kw name="Create Dictionary" owner="BuiltIn">
<msg time="2025-09-27T14:58:36.089500" level="INFO">${headers} = {'content-type': 'application/json'}</msg>
<var>${headers}</var>
<arg>content-type=application/json</arg>
<doc>Creates and returns a dictionary based on the given ``items``.</doc>
<status status="PASS" start="2025-09-27T14:58:36.089267" elapsed="0.000275"/>
</kw>
<kw name="Create Dictionary" owner="BuiltIn">
<msg time="2025-09-27T14:58:36.090105" level="INFO">${body} = {'firstName': 'firstname', 'lastName': 'lastname', 'email': 'email@email.com', 'password': '123456'}</msg>
<var>${body}</var>
<arg>firstName=${firstName}</arg>
<arg>lastName=${lastName}</arg>
<arg>email=${email}</arg>
<arg>password=${password}</arg>
<doc>Creates and returns a dictionary based on the given ``items``.</doc>
<status status="PASS" start="2025-09-27T14:58:36.089696" elapsed="0.000450"/>
</kw>
<kw name="POST On Session" owner="RequestsLibrary">
<msg time="2025-09-27T14:58:36.264086" level="INFO">POST Request : url=https://thinking-tester-contact-list.herokuapp.com/users 
 path_url=/users 
 headers={'User-Agent': 'python-requests/2.32.5', 'Accept-Encoding': 'gzip, deflate', 'Accept': '*/*', 'Connection': 'keep-alive', 'content-type': 'application/json', 'Cookie': 'token=eyJhbGciOiJIUzI1NiIsInR5cCI6IkpXVCJ9.eyJfaWQiOiI2OGQ3ZDE2YjRjODVjZjAwMTUzNTEyODUiLCJpYXQiOjE3NTg5NzQzMTV9.RtaY508-ukWvcBFOwgHPshbQlhpML1hEtqBd9ZloJQ4', 'Content-Length': '100'} 
 body=b'{"firstName": "firstname", "lastName": "lastname", "email": "email@email.com", "password": "123456"}' 
 </msg>
<msg time="2025-09-27T14:58:36.264227" level="INFO">POST Response : url=https://thinking-tester-contact-list.herokuapp.com/users 
 status=400, reason=Bad Request 
 headers={'Content-Length': '517', 'Content-Type': 'application/json; charset=utf-8', 'Date': 'Sat, 27 Sep 2025 11:58:36 GMT', 'Etag': 'W/"205-6j2+vaWvDehPyCl3fwjt0qHieGk"', 'Nel': '{"report_to":"heroku-nel","response_headers":["Via"],"max_age":3600,"success_fraction":0.01,"failure_fraction":0.1}', 'Report-To': '{"group":"heroku-nel","endpoints":[{"url":"https://nel.heroku.com/reports?s=wKLrs6DO0yKl0tEcgN2Cfz%2Bpqo%2BDb2bvzm8mn%2FWL8sQ%3D\\u0026sid=af571f24-03ee-46d1-9f90-ab9030c2c74c\\u0026ts=1758974316"}],"max_age":3600}', 'Reporting-Endpoints': 'heroku-nel="https://nel.heroku.com/reports?s=wKLrs6DO0yKl0tEcgN2Cfz%2Bpqo%2BDb2bvzm8mn%2FWL8sQ%3D&amp;sid=af571f24-03ee-46d1-9f90-ab9030c2c74c&amp;ts=1758974316"', 'Server': 'Heroku', 'Via': '1.1 heroku-router', 'X-Powered-By': 'Express'} 
 body={"errors":{"password":{"name":"ValidatorError","message":"Path `password` (`123456`) is shorter than the minimum allowed length (7).","properties":{"message":"Path `password` (`123456`) is shorter than the minimum allowed length (7).","type":"minlength","minlength":7,"path":"password","value":"123456"},"kind":"minlength","path":"password","value":"123456"}},"_message":"User validation failed","message":"User validation failed: password: Path `password` (`123456`) is shorter than the minimum allowed length (7)."} 
 </msg>
<msg time="2025-09-27T14:58:36.264339" level="INFO">/Users/husseinalmulla/SWD/TestAutoRF/.venv/lib/python3.12/site-packages/urllib3/connectionpool.py:1097: InsecureRequestWarning: Unverified HTTPS request is being made to host 'thinking-tester-contact-list.herokuapp.com'. Adding certificate verification is strongly advised. See: https://urllib3.readthedocs.io/en/latest/advanced-usage.html#tls-warnings
  warnings.warn(</msg>
<msg time="2025-09-27T14:58:36.264545" level="INFO">${response} = &lt;Response [400]&gt;</msg>
<var>${response}</var>
<arg>contact_list</arg>
<arg>/users</arg>
<arg>json=${body}</arg>
<arg>headers=${headers}</arg>
<arg>expected_status=${status}</arg>
<doc>Sends a POST request on a previously created HTTP Session.</doc>
<status status="PASS" start="2025-09-27T14:58:36.090301" elapsed="0.174293"/>
</kw>
<return>
<value>${response}</value>
<status status="PASS" start="2025-09-27T14:58:36.264731" elapsed="0.000086"/>
</return>
<msg time="2025-09-27T14:58:36.265090" level="INFO">${response} = &lt;Response [400]&gt;</msg>
<var>${response}</var>
<arg>firstName=${firstName}</arg>
<arg>lastName=${lastName}</arg>
<arg>email=${email}</arg>
<arg>password=${password}</arg>
<arg>status=400</arg>
<status status="PASS" start="2025-09-27T14:58:36.088711" elapsed="0.176429"/>
</kw>
<kw name="Set Variable" owner="BuiltIn">
<msg time="2025-09-27T14:58:36.266180" level="INFO">${body} = {'errors': {'password': {'name': 'ValidatorError', 'message': 'Path `password` (`123456`) is shorter than the minimum allowed length (7).', 'properties': {'message': 'Path `password` (`123456`) is sho...</msg>
<var>${body}</var>
<arg>${response.json()}</arg>
<doc>Returns the given values which can then be assigned to a variables.</doc>
<status status="PASS" start="2025-09-27T14:58:36.265369" elapsed="0.000870"/>
</kw>
<kw name="Should Contain" owner="BuiltIn">
<arg>${body['message']}</arg>
<arg>User validation failed</arg>
<doc>Fails if ``container`` does not contain ``item`` one or more times.</doc>
<status status="PASS" start="2025-09-27T14:58:36.266456" elapsed="0.000576"/>
</kw>
<for flavor="IN">
<iter>
<kw name="Should Contain" owner="BuiltIn">
<arg>${body['message']}</arg>
<arg>${msg}</arg>
<doc>Fails if ``container`` does not contain ``item`` one or more times.</doc>
<status status="PASS" start="2025-09-27T14:58:36.267556" elapsed="0.000559"/>
</kw>
<var name="${msg}">`password` (`123456`) is shorter than the minimum allowed length (7)</var>
<status status="PASS" start="2025-09-27T14:58:36.267420" elapsed="0.000764"/>
</iter>
<var>${msg}</var>
<value>@{expected_message}</value>
<status status="PASS" start="2025-09-27T14:58:36.267212" elapsed="0.001042"/>
</for>
<kw name="Status Should Be" owner="RequestsLibrary">
<arg>400</arg>
<doc>Fails if response status code is different than the expected.</doc>
<status status="PASS" start="2025-09-27T14:58:36.268414" elapsed="0.000155"/>
</kw>
<arg>firstname</arg>
<arg>lastname</arg>
<arg>email@email.com</arg>
<arg>123456</arg>
<arg>`password` (`123456`) is shorter than the minimum allowed length (7)</arg>
<tag>Invalid</tag>
<status status="PASS" start="2025-09-27T14:58:36.088282" elapsed="0.180379"/>
</kw>
<kw name="Add Invalid User (Expected 400)">
<kw name="Call Post Add User Request">
<kw name="Create Dictionary" owner="BuiltIn">
<msg time="2025-09-27T14:58:36.270450" level="INFO">${headers} = {'content-type': 'application/json'}</msg>
<var>${headers}</var>
<arg>content-type=application/json</arg>
<doc>Creates and returns a dictionary based on the given ``items``.</doc>
<status status="PASS" start="2025-09-27T14:58:36.270218" elapsed="0.000273"/>
</kw>
<kw name="Create Dictionary" owner="BuiltIn">
<msg time="2025-09-27T14:58:36.271128" level="INFO">${body} = {'firstName': 'firstname', 'lastName': 'lastname', 'email': 'email@email.com', 'password': '1234'}</msg>
<var>${body}</var>
<arg>firstName=${firstName}</arg>
<arg>lastName=${lastName}</arg>
<arg>email=${email}</arg>
<arg>password=${password}</arg>
<doc>Creates and returns a dictionary based on the given ``items``.</doc>
<status status="PASS" start="2025-09-27T14:58:36.270709" elapsed="0.000460"/>
</kw>
<kw name="POST On Session" owner="RequestsLibrary">
<msg time="2025-09-27T14:58:36.447034" level="INFO">POST Request : url=https://thinking-tester-contact-list.herokuapp.com/users 
 path_url=/users 
 headers={'User-Agent': 'python-requests/2.32.5', 'Accept-Encoding': 'gzip, deflate', 'Accept': '*/*', 'Connection': 'keep-alive', 'content-type': 'application/json', 'Cookie': 'token=eyJhbGciOiJIUzI1NiIsInR5cCI6IkpXVCJ9.eyJfaWQiOiI2OGQ3ZDE2YjRjODVjZjAwMTUzNTEyODUiLCJpYXQiOjE3NTg5NzQzMTV9.RtaY508-ukWvcBFOwgHPshbQlhpML1hEtqBd9ZloJQ4', 'Content-Length': '98'} 
 body=b'{"firstName": "firstname", "lastName": "lastname", "email": "email@email.com", "password": "1234"}' 
 </msg>
<msg time="2025-09-27T14:58:36.447172" level="INFO">POST Response : url=https://thinking-tester-contact-list.herokuapp.com/users 
 status=400, reason=Bad Request 
[...]
<arg>contact_list</arg>
<arg>${CONTACT_LIST_URL}</arg>
<doc>Create Session: create a HTTP session to a server</doc>
<status status="PASS" start="2025-09-27T14:58:41.885107" elapsed="0.000413"/>
</kw>
<test id="s1-s1-s6-t1" name="Delete Contact" line="15">
<kw name="Create Dictionary" owner="BuiltIn">
<msg time="2025-09-27T14:58:41.886328" level="INFO">${contact} = {'firstName': 'fname', 'lastName': 'lname', 'birthdate': '1992-02-02', 'email': 'email@email.com', 'phone': '938842222', 'street1': '13 School St.', 'street2': 'Apt. 5', 'city': 'Columbia', 'stateProv...</msg>
<var>${contact}</var>
<arg>firstName=fname</arg>
<arg>lastName=lname</arg>
<arg>birthdate=1992-02-02</arg>
<arg>email=email@email.com</arg>
<arg>phone=938842222</arg>
<arg>street1=13 School St.</arg>
<arg>street2=Apt. 5</arg>
<arg>city=Columbia</arg>
<arg>stateProvince=QC</arg>
<arg>postalCode=12345</arg>
<arg>country=USA</arg>
<doc>Creates and returns a dictionary based on the given ``items``.</doc>
<status status="PASS" start="2025-09-27T14:58:41.886006" elapsed="0.000364"/>
</kw>
<kw name="Log To Console" owner="BuiltIn">
<arg>---- Add new contact ----</arg>
<doc>Logs the given message to the console.</doc>
<status status="PASS" start="2025-09-27T14:58:41.886584" elapsed="0.000178"/>
</kw>
<kw name="Call Post Add Contact Request" owner="GeneralKeywords">
<kw name="Get Header With Auth" owner="GeneralKeywords">
<if>
<branch type="IF" condition="${With_Auth}">
<kw name="Run Keyword If" owner="BuiltIn">
<arg>'${Auth_Token}' == ''</arg>
<arg>Get Login Token</arg>
<doc>Runs the given keyword with the given arguments, if ``condition`` is true.</doc>
<status status="PASS" start="2025-09-27T14:58:41.888075" elapsed="0.000214"/>
</kw>
<kw name="Create Dictionary" owner="BuiltIn">
<msg time="2025-09-27T14:58:41.889139" level="INFO">${headers} = {'Authorization': 'Bearer eyJhbGciOiJIUzI1NiIsInR5cCI6IkpXVCJ9.eyJfaWQiOiI2OGQ2NDgwYmI5NjcxNDAwMTVkYjQzY2YiLCJpYXQiOjE3NTg5NzQzMTd9.GTAXQSLUMNxofROP9Uw8PkWsaUPtrNrNGa6TVlhJj0Y', 'content-type': 'appli...</msg>
<var>${headers}</var>
<arg>Authorization=Bearer ${Auth_Token}</arg>
<arg>content-type=application/json</arg>
<doc>Creates and returns a dictionary based on the given ``items``.</doc>
<status status="PASS" start="2025-09-27T14:58:41.888451" elapsed="0.000738"/>
</kw>
<status status="PASS" start="2025-09-27T14:58:41.887825" elapsed="0.001449"/>
</branch>
<branch type="ELSE">
<kw name="Create Dictionary" owner="BuiltIn">
<var>${headers}</var>
<arg>content-type=application/json</arg>
<doc>Creates and returns a dictionary based on the given ``items``.</doc>
<status status="NOT RUN" start="2025-09-27T14:58:41.889914" elapsed="0.000216"/>
</kw>
<status status="NOT RUN" start="2025-09-27T14:58:41.889346" elapsed="0.001061"/>
</branch>
<status status="PASS" start="2025-09-27T14:58:41.887796" elapsed="0.002684"/>
</if>
<return>
<value>${headers}</value>
<status status="PASS" start="2025-09-27T14:58:41.890555" elapsed="0.000084"/>
</return>
<msg time="2025-09-27T14:58:41.890951" level="INFO">${headers} = {'Authorization': 'Bearer eyJhbGciOiJIUzI1NiIsInR5cCI6IkpXVCJ9.eyJfaWQiOiI2OGQ2NDgwYmI5NjcxNDAwMTVkYjQzY2YiLCJpYXQiOjE3NTg5NzQzMTd9.GTAXQSLUMNxofROP9Uw8PkWsaUPtrNrNGa6TVlhJj0Y', 'content-type': 'appli...</msg>
<var>${headers}</var>
<arg>${with_auth}</arg>
<status status="PASS" start="2025-09-27T14:58:41.887495" elapsed="0.003504"/>
</kw>
<kw name="POST On Session" owner="RequestsLibrary">
<msg time="2025-09-27T14:58:42.594676" level="INFO">POST Request : url=https://thinking-tester-contact-list.herokuapp.com/contacts 
 path_url=/contacts 
 headers={'User-Agent': 'python-requests/2.32.5', 'Accept-Encoding': 'gzip, deflate', 'Accept': '*/*', 'Connection': 'keep-alive', 'Authorization': 'Bearer eyJhbGciOiJIUzI1NiIsInR5cCI6IkpXVCJ9.eyJfaWQiOiI2OGQ2NDgwYmI5NjcxNDAwMTVkYjQzY2YiLCJpYXQiOjE3NTg5NzQzMTd9.GTAXQSLUMNxofROP9Uw8PkWsaUPtrNrNGa6TVlhJj0Y', 'content-type': 'application/json', 'Content-Length': '253'} 
 body=b'{"firstName": "fname", "lastName": "lname", "birthdate": "1992-02-02", "email": "email@email.com", "phone": "938842222", "street1": "13 School St.", "street2": "Apt. 5", "city": "Columbia", "stateProvince": "QC", "postalCode": "12345", "country": "USA"}' 
 </msg>
<msg time="2025-09-27T14:58:42.594806" level="INFO">POST Response : url=https://thinking-tester-contact-list.herokuapp.com/contacts 
 status=201, reason=Created 
 headers={'Content-Length': '308', 'Content-Type': 'application/json; charset=utf-8', 'Date': 'Sat, 27 Sep 2025 11:58:42 GMT', 'Etag': 'W/"134-ruYNZatZw1XNCPxQuTYBqigWhuA"', 'Nel': '{"report_to":"heroku-nel","response_headers":["Via"],"max_age":3600,"success_fraction":0.01,"failure_fraction":0.1}', 'Report-To': '{"group":"heroku-nel","endpoints":[{"url":"https://nel.heroku.com/reports?s=Jfv6il2O0Q9ToBn55cPWlItJA8GFrFJhW38WqHtinPE%3D\\u0026sid=af571f24-03ee-46d1-9f90-ab9030c2c74c\\u0026ts=1758974322"}],"max_age":3600}', 'Reporting-Endpoints': 'heroku-nel="https://nel.heroku.com/reports?s=Jfv6il2O0Q9ToBn55cPWlItJA8GFrFJhW38WqHtinPE%3D&amp;sid=af571f24-03ee-46d1-9f90-ab9030c2c74c&amp;ts=1758974322"', 'Server': 'Heroku', 'Via': '1.1 heroku-router', 'X-Powered-By': 'Express'} 
 body={"_id":"68d7d1726a8d430015645ba9","firstName":"fname","lastName":"lname","birthdate":"1992-02-02","email":"email@email.com","phone":"938842222","street1":"13 School St.","street2":"Apt. 5","city":"Columbia","stateProvince":"QC","postalCode":"12345","country":"USA","owner":"68d6480bb967140015db43cf","__v":0} 
 </msg>
<msg time="2025-09-27T14:58:42.594911" level="INFO">/Users/husseinalmulla/SWD/TestAutoRF/.venv/lib/python3.12/site-packages/urllib3/connectionpool.py:1097: InsecureRequestWarning: Unverified HTTPS request is being made to host 'thinking-tester-contact-list.herokuapp.com'. Adding certificate verification is strongly advised. See: https://urllib3.readthedocs.io/en/latest/advanced-usage.html#tls-warnings
  warnings.warn(</msg>
<msg time="2025-09-27T14:58:42.595090" level="INFO">${response} = &lt;Response [201]&gt;</msg>
<var>${response}</var>
<arg>contact_list</arg>
<arg>/contacts</arg>
<arg>json=${body}</arg>
<arg>headers=${headers}</arg>
<arg>expected_status=${status}</arg>
<doc>Sends a POST request on a previously created HTTP Session.</doc>
<status status="PASS" start="2025-09-27T14:58:41.891197" elapsed="0.703941"/>
</kw>
<return>
<value>${response}</value>
<status status="PASS" start="2025-09-27T14:58:42.595270" elapsed="0.000079"/>
</return>
<msg time="2025-09-27T14:58:42.595948" level="INFO">${response_add} = &lt;Response [201]&gt;</msg>
<var>${response_add}</var>
<arg>${contact}</arg>
<arg>201</arg>
<status status="PASS" start="2025-09-27T14:58:41.887005" elapsed="0.709006"/>
</kw>
<kw name="Set Variable" owner="BuiltIn">
<msg time="2025-09-27T14:58:42.597055" level="INFO">${json_add} = {'_id': '68d7d1726a8d430015645ba9', 'firstName': 'fname', 'lastName': 'lname', 'birthdate': '1992-02-02', 'email': 'email@email.com', 'phone': '938842222', 'street1': '13 School St.', 'street2': 'Apt....</msg>
<var>${json_add}</var>
<arg>${response_add.json()}</arg>
<doc>Returns the given values which can then be assigned to a variables.</doc>
<status status="PASS" start="2025-09-27T14:58:42.596301" elapsed="0.000801"/>
</kw>
<kw name="Should Not Be Empty" owner="BuiltIn">
<msg time="2025-09-27T14:58:42.597905" level="INFO">Length is 24.</msg>
<arg>${json_add['_id']}</arg>
<doc>Verifies that the given item is not empty.</doc>
<status status="PASS" start="2025-09-27T14:58:42.597351" elapsed="0.000627"/>
</kw>
<kw name="Log To Console" owner="BuiltIn">
<arg>---- deleted the added contact ----</arg>
<doc>Logs the given message to the console.</doc>
<status status="PASS" start="2025-09-27T14:58:42.598186" elapsed="0.000187"/>
</kw>
<kw name="Call Delete Contact Request">
<kw name="Get Header With Auth" owner="GeneralKeywords">
<if>
<branch type="IF" condition="${With_Auth}">
<kw name="Run Keyword If" owner="BuiltIn">
<arg>'${Auth_Token}' == ''</arg>
<arg>Get Login Token</arg>
<doc>Runs the given keyword with the given arguments, if ``condition`` is true.</doc>
<status status="PASS" start="2025-09-27T14:58:42.600429" elapsed="0.000253"/>
</kw>
<kw name="Create Dictionary" owner="BuiltIn">
<msg time="2025-09-27T14:58:42.601213" level="INFO">${headers} = {'Authorization': 'Bearer eyJhbGciOiJIUzI1NiIsInR5cCI6IkpXVCJ9.eyJfaWQiOiI2OGQ2NDgwYmI5NjcxNDAwMTVkYjQzY2YiLCJpYXQiOjE3NTg5NzQzMTd9.GTAXQSLUMNxofROP9Uw8PkWsaUPtrNrNGa6TVlhJj0Y', 'content-type': 'appli...</msg>
<var>${headers}</var>
<arg>Authorization=Bearer ${Auth_Token}</arg>
<arg>content-type=application/json</arg>
<doc>Creates and returns a dictionary based on the given ``items``.</doc>
<status status="PASS" start="2025-09-27T14:58:42.600875" elapsed="0.000385"/>
</kw>
<status status="PASS" start="2025-09-27T14:58:42.600137" elapsed="0.001195"/>
</branch>
<branch type="ELSE">
<kw name="Create Dictionary" owner="BuiltIn">
<var>${headers}</var>
<arg>content-type=application/json</arg>
<doc>Creates and returns a dictionary based on the given ``items``.</doc>
<status status="NOT RUN" start="2025-09-27T14:58:42.601557" elapsed="0.000044"/>
</kw>
<status status="NOT RUN" start="2025-09-27T14:58:42.601395" elapsed="0.000268"/>
</branch>
<status status="PASS" start="2025-09-27T14:58:42.600104" elapsed="0.001609"/>
</if>
<return>
<value>${headers}</value>
<status status="PASS" start="2025-09-27T14:58:42.601766" elapsed="0.000057"/>
</return>
<msg time="2025-09-27T14:58:42.602016" level="INFO">${headers} = {'Authorization': 'Bearer eyJhbGciOiJIUzI1NiIsInR5cCI6IkpXVCJ9.eyJfaWQiOiI2OGQ2NDgwYmI5NjcxNDAwMTVkYjQzY2YiLCJpYXQiOjE3NTg5NzQzMTd9.GTAXQSLUMNxofROP9Uw8PkWsaUPtrNrNGa6TVlhJj0Y', 'content-type': 'appli...</msg>
<var>${headers}</var>
<arg>${with_auth}</arg>
<status status="PASS" start="2025-09-27T14:58:42.599715" elapsed="0.002343"/>
</kw>
<kw name="DELETE On Session" owner="RequestsLibrary">
<msg time="2025-09-27T14:58:42.786476" level="INFO">DELETE Request : url=https://thinking-tester-contact-list.herokuapp.com/contacts/68d7d1726a8d430015645ba9 
 path_url=/contacts/68d7d1726a8d430015645ba9 
 headers={'User-Agent': 'python-requests/2.32.5', 'Accept-Encoding': 'gzip, deflate', 'Accept': '*/*', 'Connection': 'keep-alive', 'Authorization': 'Bearer eyJhbGciOiJIUzI1NiIsInR5cCI6IkpXVCJ9.eyJfaWQiOiI2OGQ2NDgwYmI5NjcxNDAwMTVkYjQzY2YiLCJpYXQiOjE3NTg5NzQzMTd9.GTAXQSLUMNxofROP9Uw8PkWsaUPtrNrNGa6TVlhJj0Y', 'content-type': 'application/json', 'Content-Length': '0'} 
 body=None 
 </msg>
<msg time="2025-09-27T14:58:42.786643" level="INFO">DELETE Response : url=https://thinking-tester-contact-list.herokuapp.com/contacts/68d7d1726a8d430015645ba9 
 status=200, reason=OK 
 headers={'Content-Length': '15', 'Content-Type': 'text/html; charset=utf-8', 'Date': 'Sat, 27 Sep 2025 11:58:43 GMT', 'Etag': 'W/"f-smqnjm2ArsFbkvZ+qy6N7Dow4bQ"', 'Nel': '{"report_to":"heroku-nel","response_headers":["Via"],"max_age":3600,"success_fraction":0.01,"failure_fraction":0.1}', 'Report-To': '{"group":"heroku-nel","endpoints":[{"url":"https://nel.heroku.com/reports?s=2WVVJPsJZrmApjcpei24MSUNapwxi4jX4iayTr4QUAY%3D\\u0026sid=af571f24-03ee-46d1-9f90-ab9030c2c74c\\u0026ts=1758974323"}],"max_age":3600}', 'Reporting-Endpoints': 'heroku-nel="https://nel.heroku.com/reports?s=2WVVJPsJZrmApjcpei24MSUNapwxi4jX4iayTr4QUAY%3D&amp;sid=af571f24-03ee-46d1-9f90-ab9030c2c74c&amp;ts=1758974323"', 'Server': 'Heroku', 'Via': '1.1 heroku-router', 'X-Powered-By': 'Express'} 
 body=Contact deleted 
 </msg>
<msg time="2025-09-27T14:58:42.786771" level="INFO">/Users/husseinalmulla/SWD/TestAutoRF/.venv/lib/python3.12/site-packages/urllib3/connectionpool.py:1097: InsecureRequestWarning: Unverified HTTPS request is being made to host 'thinking-tester-contact-list.herokuapp.com'. Adding certificate verification is strongly advised. See: https://urllib3.readthedocs.io/en/latest/advanced-usage.html#tls-warnings
  warnings.warn(</msg>
<msg time="2025-09-27T14:58:42.787001" level="INFO">${response} = &lt;Response [200]&gt;</msg>
<var>${response}</var>
<arg>contact_list</arg>
<arg>/contacts/${id}</arg>
<arg>headers=${headers}</arg>
<arg>expected_status=${status}</arg>
<doc>Sends a DELETE request on a previously created HTTP Session.</doc>
<status status="PASS" start="2025-09-27T14:58:42.602210" elapsed="0.184853"/>
</kw>
<return>
<value>${response}</value>
<status status="PASS" start="2025-09-27T14:58:42.787269" elapsed="0.000144"/>
</return>
<msg time="2025-09-27T14:58:42.787756" level="INFO">${response} = &lt;Response [200]&gt;</msg>
<var>${response}</var>
<arg>${json_add['_id']}</arg>
<arg>200</arg>
<status status="PASS" start="2025-09-27T14:58:42.598635" elapsed="0.189172"/>
</kw>
<kw name="Should Not Be Empty" owner="BuiltIn">
<msg time="2025-09-27T14:58:42.788822" level="INFO">Length is 15.</msg>
<arg>${response.text}</arg>
<doc>Verifies that the given item is not empty.</doc>
<status status="PASS" start="2025-09-27T14:58:42.788146" elapsed="0.000762"/>
</kw>
<kw name="Should Be Equal" owner="BuiltIn">
<arg>${response.text}</arg>
<arg>Contact deleted</arg>
<doc>Fails if the given objects are unequal.</doc>
<status status="PASS" start="2025-09-27T14:58:42.789162" elapsed="0.000674"/>
</kw>
<status status="PASS" start="2025-09-27T14:58:41.885622" elapsed="0.904481"/>
</test>
<test id="s1-s1-s6-t2" name="Delete Without Auth Token (Expected 401)" line="40">
<kw name="Call Delete Contact Request">
<kw name="Get Header With Auth" owner="GeneralKeywords">
<if>
<branch type="IF" condition="${With_Auth}">
<kw name="Run Keyword If" owner="BuiltIn">
<arg>'${Auth_Token}' == ''</arg>
<arg>Get Login Token</arg>
<doc>Runs the given keyword with the given arguments, if ``condition`` is true.</doc>
<status status="NOT RUN" start="2025-09-27T14:58:42.792052" elapsed="0.000048"/>
</kw>
<kw name="Create Dictionary" owner="BuiltIn">
<var>${headers}</var>
<arg>Authorization=Bearer ${Auth_Token}</arg>
<arg>content-type=application/json</arg>
<doc>Creates and returns a dictionary based on the given ``items``.</doc>
<status status="NOT RUN" start="2025-09-27T14:58:42.792257" elapsed="0.000044"/>
</kw>
<status status="NOT RUN" start="2025-09-27T14:58:42.791805" elapsed="0.000567"/>
</branch>
<branch type="ELSE">
<kw name="Create Dictionary" owner="BuiltIn">
<msg time="2025-09-27T14:58:42.792877" level="INFO">${headers} = {'content-type': 'application/json'}</msg>
<var>${headers}</var>
<arg>content-type=application/json</arg>
<doc>Creates and returns a dictionary based on the given ``items``.</doc>
<status status="PASS" start="2025-09-27T14:58:42.792567" elapsed="0.000419"/>
</kw>
<status status="PASS" start="2025-09-27T14:58:42.792428" elapsed="0.000646"/>
</branch>
<status status="PASS" start="2025-09-27T14:58:42.791770" elapsed="0.001421"/>
</if>
<return>
<value>${headers}</value>
<status status="PASS" start="2025-09-27T14:58:42.793255" elapsed="0.000061"/>
</return>
<msg time="2025-09-27T14:58:42.793512" level="INFO">${headers} = {'content-type': 'application/json'}</msg>
<var>${headers}</var>
<arg>${with_auth}</arg>
<status status="PASS" start="2025-09-27T14:58:42.791471" elapsed="0.002082"/>
</kw>
<kw name="DELETE On Session" owner="RequestsLibrary">
<msg time="2025-09-27T14:58:42.966783" level="INFO">DELETE Request : url=https://thinking-tester-contact-list.herokuapp.com/contacts/68d7a79e6a8d430015645a55 
 path_url=/contacts/68d7a79e6a8d430015645a55 
 headers={'User-Agent': 'python-requests/2.32.5', 'Accept-Encoding': 'gzip, deflate', 'Accept': '*/*', 'Connection': 'keep-alive', 'content-type': 'application/json', 'Content-Length': '0'} 
 body=None 
 </msg>
<msg time="2025-09-27T14:58:42.966941" level="INFO">DELETE Response : url=https://thinking-tester-contact-list.herokuapp.com/contacts/68d7a79e6a8d430015645a55 
 status=401, reason=Unauthorized 
 headers={'Content-Length': '32', 'Content-Type': 'application/json; charset=utf-8', 'Date': 'Sat, 27 Sep 2025 11:58:43 GMT', 'Etag': 'W/"20-l84Ae8oPqxLFOfh6GyOldXOyOfM"', 'Nel': '{"report_to":"heroku-nel","response_headers":["Via"],"max_age":3600,"success_fraction":0.01,"failure_fraction":0.1}', 'Report-To': '{"group":"heroku-nel","endpoints":[{"url":"https://nel.heroku.com/reports?s=2WVVJPsJZrmApjcpei24MSUNapwxi4jX4iayTr4QUAY%3D\\u0026sid=af571f24-03ee-46d1-9f90-ab9030c2c74c\\u0026ts=1758974323"}],"max_age":3600}', 'Reporting-Endpoints': 'heroku-nel="https://nel.heroku.com/reports?s=2WVVJPsJZrmApjcpei24MSUNapwxi4jX4iayTr4QUAY%3D&amp;sid=af571f24-03ee-46d1-9f90-ab9030c2c74c&amp;ts=1758974323"', 'Server': 'Heroku', 'Via': '1.1 heroku-router', 'X-Powered-By': 'Express'} 
 body={"error":"Please authenticate."} 
 </msg>
<msg time="2025-09-27T14:58:42.967046" level="INFO">/Users/husseinalmulla/SWD/TestAutoRF/.venv/lib/python3.12/site-packages/urllib3/connectionpool.py:1097: InsecureRequestWarning: Unverified HTTPS request is being made to host 'thinking-tester-contact-list.herokuapp.com'. Adding certificate verification is strongly advised. See: https://urllib3.readthedocs.io/en/latest/advanced-usage.html#tls-warnings
  warnings.warn(</msg>
<msg time="2025-09-27T14:58:42.967330" level="INFO">${response} = &lt;Response [401]&gt;</msg>
<var>${response}</var>
<arg>contact_list</arg>
<arg>/contacts/${id}</arg>
<arg>headers=${headers}</arg>
<arg>expected_status=${status}</arg>
<doc>Sends a DELETE request on a previously created HTTP Session.</doc>
<status status="PASS" start="2025-09-27T14:58:42.793708" elapsed="0.173693"/>
</kw>
<return>
<value>${response}</value>
<status status="PASS" start="2025-09-27T14:58:42.967540" elapsed="0.000088"/>
</return>
<msg time="2025-09-27T14:58:42.967923" level="INFO">${response} = &lt;Response [401]&gt;</msg>
<var>${response}</var>
<arg>68d7a79e6a8d430015645a55</arg>
<arg>401</arg>
<arg>False</arg>
<status status="PASS" start="2025-09-27T14:58:42.790965" elapsed="0.177018"/>
</kw>
<kw name="Set Variable" owner="BuiltIn">
<msg time="2025-09-27T14:58:42.969154" level="INFO">${json} = {'error': 'Please authenticate.'}</msg>
<var>${json}</var>
<arg>${response.json()}</arg>
<doc>Returns the given values which can then be assigned to a variables.</doc>
<status status="PASS" start="2025-09-27T14:58:42.968389" elapsed="0.000817"/>
</kw>
<kw name="Should Contain" owner="BuiltIn">
<arg>${json['error']}</arg>
<arg>Please authenticate</arg>
<doc>Fails if ``container`` does not contain ``item`` one or more times.</doc>
<status status="PASS" start="2025-09-27T14:58:42.969483" elapsed="0.000695"/>
</kw>
<status status="PASS" start="2025-09-27T14:58:42.790419" elapsed="0.180009"/>
</test>
<status status="PASS" start="2025-09-27T14:58:41.880801" elapsed="1.090121"/>
</suite>
<status status="PASS" start="2025-09-27T14:58:32.261394" elapsed="10.710359"/>
</suite>
<status status="PASS" start="2025-09-27T14:58:32.227774" elapsed="10.744656"/>
</suite>
<statistics>
<total>
<stat pass="23" fail="0" skip="0">All Tests</stat>
</total>
<tag>
</tag>
<suite>
<stat name="Tests" id="s1" pass="23" fail="0" skip="0">Tests</stat>
<stat name="Contact List Example" id="s1-s1" pass="23" fail="0" skip="0">Tests.Contact List Example</stat>
<stat name="01 Login" id="s1-s1-s1" pass="2" fail="0" skip="0">Tests.Contact List Example.01 Login</stat>
<stat name="02 Register" id="s1-s1-s2" pass="2" fail="0" skip="0">Tests.Contact List Example.02 Register</stat>
<stat name="03 Add Contact" id="s1-s1-s3" pass="8" fail="0" skip="0">Tests.Contact List Example.03 Add Contact</stat>
<stat name="04 Get Contact" id="s1-s1-s4" pass="3" fail="0" skip="0">Tests.Contact List Example.04 Get Contact</stat>
<stat name="05 Update Contact" id="s1-s1-s5" pass="6" fail="0" skip="0">Tests.Contact List Example.05 Update Contact</stat>
<stat name="06 Delete Contact" id="s1-s1-s6" pass="2" fail="0" skip="0">Tests.Contact List Example.06 Delete Contact</stat>
</suite>
</statistics>
<errors>
</errors>
</robot>
